Arguments: 
  C:\Program Files\nodejs\node.exe C:\Users\leona\AppData\Roaming\npm\node_modules\yarn\bin\yarn.js add dotenev

PATH: 
  C:\Program Files (x86)\Common Files\Oracle\Java\javapath;C:\Program Files (x86)\NVIDIA Corporation\PhysX\Common;C:\Windows\system32;C:\Windows;C:\Windows\System32\Wbem;C:\Windows\System32\WindowsPowerShell\v1.0\;C:\Windows\System32\OpenSSH\;C:\Users\leona\AppData\Local\Programs\Python\Python39\Scripts\;C:\Users\leona\AppData\Local\Programs\Python\Python39\;C:\Users\leona\AppData\Local\Microsoft\WindowsApps;C:\Users\leona\AppData\Local\Programs\Microsoft VS Code\bin;C:\Users\leona\AppData\Local\Programs\Python\Python39;C:\Program Files\Git\cmd;C:\ProgramData\chocolatey\bin;C:\Program Files\Java\jdk1.8.0_211\bin;C:\Users\leona\AppData\Local\Android\Sdk\platform-tools;C:\Users\leona\AppData\Local\Android\Sdk\tools\bin;C:\Users\leona\AppData\Local\Android\Sdk\tools;C:\Users\leona\AppData\Local\Android\Sdk\emulator;C:\Program Files\Docker\Docker\resources\bin;C:\ProgramData\DockerDesktop\version-bin;C:\Users\leona\AppData\Roaming\nvm;C:\Program Files\nodejs;C:\Program Files\dotnet\;C:\Users\leona\AppData\Local\Programs\Python\Python311\Scripts\;C:\Users\leona\AppData\Local\Programs\Python\Python311\;C:\Users\leona\AppData\Local\Programs\Python\Python39;C:\Users\leona\AppData\Local\Microsoft\WindowsApps;C:\Users\leona\AppData\Local\Programs\Microsoft VS Code\bin;C:\Users\leona\AppData\Roaming\npm;C:\Users\leona\AppData\Local\GitHubDesktop\bin;C:\Program Files\heroku\bin;C:\Users\leona\AppData\Roaming\nvm;C:\Program Files\nodejs;C:\Users\leona\.dotnet\tools;C:\Users\leona\AppData\Local\Programs\Azure Data Studio\bin;C:\Users\leona\.fly\bin

Yarn version: 
  1.22.19

Node version: 
  16.13.1

Platform: 
  win32 x64

Trace: 
  Error: https://registry.npmjs.org/dotenev: Not found
      at Request.params.callback [as _callback] (C:\Users\leona\AppData\Roaming\npm\node_modules\yarn\lib\cli.js:66145:18)
      at Request.self.callback (C:\Users\leona\AppData\Roaming\npm\node_modules\yarn\lib\cli.js:140890:22)
      at Request.emit (node:events:390:28)
      at Request.<anonymous> (C:\Users\leona\AppData\Roaming\npm\node_modules\yarn\lib\cli.js:141862:10)
      at Request.emit (node:events:390:28)
      at IncomingMessage.<anonymous> (C:\Users\leona\AppData\Roaming\npm\node_modules\yarn\lib\cli.js:141784:12)
      at Object.onceWrapper (node:events:509:28)
      at IncomingMessage.emit (node:events:402:35)
      at endReadableNT (node:internal/streams/readable:1343:12)
      at processTicksAndRejections (node:internal/process/task_queues:83:21)

npm manifest: 
  {
    "name": "teste-mqtt",
    "version": "1.0.0",
    "description": "",
    "main": "index.js",
    "scripts": {
      "test": "echo \"Error: no test specified\" && exit 1",
      "dev:server": "tsnd src/server.ts"
    },
    "author": "",
    "license": "ISC",
    "dependencies": {
      "mongoose": "^6.9.2",
      "mqtt": "^4.3.7",
      "yarn": "^1.22.19"
    },
    "devDependencies": {
      "@types/node": "^18.14.0",
      "prisma": "^4.10.1",
      "ts-node-dev": "^2.0.0",
      "tsconfig-paths": "^4.1.2",
      "typescript": "^4.9.5"
    }
  }

yarn manifest: 
  No manifest

Lockfile: 
  # THIS IS AN AUTOGENERATED FILE. DO NOT EDIT THIS FILE DIRECTLY.
  # yarn lockfile v1
  
  
  "@aws-crypto/ie11-detection@^3.0.0":
    version "3.0.0"
    resolved "https://registry.yarnpkg.com/@aws-crypto/ie11-detection/-/ie11-detection-3.0.0.tgz#640ae66b4ec3395cee6a8e94ebcd9f80c24cd688"
    integrity sha512-341lBBkiY1DfDNKai/wXM3aujNBkXR7tq1URPQDL9wi3AUbI80NR74uF1TXHMm7po1AcnFk8iu2S2IeU/+/A+Q==
    dependencies:
      tslib "^1.11.1"
  
  "@aws-crypto/sha256-browser@3.0.0":
    version "3.0.0"
    resolved "https://registry.yarnpkg.com/@aws-crypto/sha256-browser/-/sha256-browser-3.0.0.tgz#05f160138ab893f1c6ba5be57cfd108f05827766"
    integrity sha512-8VLmW2B+gjFbU5uMeqtQM6Nj0/F1bro80xQXCW6CQBWgosFWXTx77aeOF5CAIAmbOK64SdMBJdNr6J41yP5mvQ==
    dependencies:
      "@aws-crypto/ie11-detection" "^3.0.0"
      "@aws-crypto/sha256-js" "^3.0.0"
      "@aws-crypto/supports-web-crypto" "^3.0.0"
      "@aws-crypto/util" "^3.0.0"
      "@aws-sdk/types" "^3.222.0"
      "@aws-sdk/util-locate-window" "^3.0.0"
      "@aws-sdk/util-utf8-browser" "^3.0.0"
      tslib "^1.11.1"
  
  "@aws-crypto/sha256-js@3.0.0", "@aws-crypto/sha256-js@^3.0.0":
    version "3.0.0"
    resolved "https://registry.yarnpkg.com/@aws-crypto/sha256-js/-/sha256-js-3.0.0.tgz#f06b84d550d25521e60d2a0e2a90139341e007c2"
    integrity sha512-PnNN7os0+yd1XvXAy23CFOmTbMaDxgxXtTKHybrJ39Y8kGzBATgBFibWJKH6BhytLI/Zyszs87xCOBNyBig6vQ==
    dependencies:
      "@aws-crypto/util" "^3.0.0"
      "@aws-sdk/types" "^3.222.0"
      tslib "^1.11.1"
  
  "@aws-crypto/supports-web-crypto@^3.0.0":
    version "3.0.0"
    resolved "https://registry.yarnpkg.com/@aws-crypto/supports-web-crypto/-/supports-web-crypto-3.0.0.tgz#5d1bf825afa8072af2717c3e455f35cda0103ec2"
    integrity sha512-06hBdMwUAb2WFTuGG73LSC0wfPu93xWwo5vL2et9eymgmu3Id5vFAHBbajVWiGhPO37qcsdCap/FqXvJGJWPIg==
    dependencies:
      tslib "^1.11.1"
  
  "@aws-crypto/util@^3.0.0":
    version "3.0.0"
    resolved "https://registry.yarnpkg.com/@aws-crypto/util/-/util-3.0.0.tgz#1c7ca90c29293f0883468ad48117937f0fe5bfb0"
    integrity sha512-2OJlpeJpCR48CC8r+uKVChzs9Iungj9wkZrl8Z041DWEWvyIHILYKCPNzJghKsivj+S3mLo6BVc7mBNzdxA46w==
    dependencies:
      "@aws-sdk/types" "^3.222.0"
      "@aws-sdk/util-utf8-browser" "^3.0.0"
      tslib "^1.11.1"
  
  "@aws-sdk/abort-controller@3.272.0":
    version "3.272.0"
    resolved "https://registry.yarnpkg.com/@aws-sdk/abort-controller/-/abort-controller-3.272.0.tgz#c2d244e9d422583a786dfb75485316cb1d4793ce"
    integrity sha512-s2TV3phapcTwZNr4qLxbfuQuE9ZMP4RoJdkvRRCkKdm6jslsWLJf2Zlcxti/23hOlINUMYv2iXE2pftIgWGdpg==
    dependencies:
      "@aws-sdk/types" "3.272.0"
      tslib "^2.3.1"
  
  "@aws-sdk/client-cognito-identity@3.276.0":
    version "3.276.0"
    resolved "https://registry.yarnpkg.com/@aws-sdk/client-cognito-identity/-/client-cognito-identity-3.276.0.tgz#db885b34ad0f3aa2f1d378a0da5b3124a051d558"
    integrity sha512-haFxr8QKNxoRLIWyawc4EfEN6ep4yrWv5e5KWzbulJaw6QwLKmTCLyv09mScbk1FUgpn1MaIy2mJiijiu2RJJQ==
    dependencies:
      "@aws-crypto/sha256-browser" "3.0.0"
      "@aws-crypto/sha256-js" "3.0.0"
      "@aws-sdk/client-sts" "3.276.0"
      "@aws-sdk/config-resolver" "3.272.0"
      "@aws-sdk/credential-provider-node" "3.272.0"
      "@aws-sdk/fetch-http-handler" "3.272.0"
      "@aws-sdk/hash-node" "3.272.0"
      "@aws-sdk/invalid-dependency" "3.272.0"
      "@aws-sdk/middleware-content-length" "3.272.0"
      "@aws-sdk/middleware-endpoint" "3.272.0"
      "@aws-sdk/middleware-host-header" "3.272.0"
      "@aws-sdk/middleware-logger" "3.272.0"
      "@aws-sdk/middleware-recursion-detection" "3.272.0"
      "@aws-sdk/middleware-retry" "3.272.0"
      "@aws-sdk/middleware-serde" "3.272.0"
      "@aws-sdk/middleware-signing" "3.272.0"
      "@aws-sdk/middleware-stack" "3.272.0"
      "@aws-sdk/middleware-user-agent" "3.272.0"
      "@aws-sdk/node-config-provider" "3.272.0"
      "@aws-sdk/node-http-handler" "3.272.0"
      "@aws-sdk/protocol-http" "3.272.0"
      "@aws-sdk/smithy-client" "3.272.0"
      "@aws-sdk/types" "3.272.0"
      "@aws-sdk/url-parser" "3.272.0"
      "@aws-sdk/util-base64" "3.208.0"
      "@aws-sdk/util-body-length-browser" "3.188.0"
      "@aws-sdk/util-body-length-node" "3.208.0"
      "@aws-sdk/util-defaults-mode-browser" "3.272.0"
      "@aws-sdk/util-defaults-mode-node" "3.272.0"
      "@aws-sdk/util-endpoints" "3.272.0"
      "@aws-sdk/util-retry" "3.272.0"
      "@aws-sdk/util-user-agent-browser" "3.272.0"
      "@aws-sdk/util-user-agent-node" "3.272.0"
      "@aws-sdk/util-utf8" "3.254.0"
      tslib "^2.3.1"
  
  "@aws-sdk/client-sso-oidc@3.272.0":
    version "3.272.0"
    resolved "https://registry.yarnpkg.com/@aws-sdk/client-sso-oidc/-/client-sso-oidc-3.272.0.tgz#32ec5d4bd4d1f343d642a5846dae6e1864cc890c"
    integrity sha512-ECcXu3xoa1yggnGKMTh29eWNHiF/wC6r5Uqbla22eOOosyh0+Z6lkJ3JUSLOUKCkBXA4Cs/tJL9UDFBrKbSlvA==
    dependencies:
      "@aws-crypto/sha256-browser" "3.0.0"
      "@aws-crypto/sha256-js" "3.0.0"
      "@aws-sdk/config-resolver" "3.272.0"
      "@aws-sdk/fetch-http-handler" "3.272.0"
      "@aws-sdk/hash-node" "3.272.0"
      "@aws-sdk/invalid-dependency" "3.272.0"
      "@aws-sdk/middleware-content-length" "3.272.0"
      "@aws-sdk/middleware-endpoint" "3.272.0"
      "@aws-sdk/middleware-host-header" "3.272.0"
      "@aws-sdk/middleware-logger" "3.272.0"
      "@aws-sdk/middleware-recursion-detection" "3.272.0"
      "@aws-sdk/middleware-retry" "3.272.0"
      "@aws-sdk/middleware-serde" "3.272.0"
      "@aws-sdk/middleware-stack" "3.272.0"
      "@aws-sdk/middleware-user-agent" "3.272.0"
      "@aws-sdk/node-config-provider" "3.272.0"
      "@aws-sdk/node-http-handler" "3.272.0"
      "@aws-sdk/protocol-http" "3.272.0"
      "@aws-sdk/smithy-client" "3.272.0"
      "@aws-sdk/types" "3.272.0"
      "@aws-sdk/url-parser" "3.272.0"
      "@aws-sdk/util-base64" "3.208.0"
      "@aws-sdk/util-body-length-browser" "3.188.0"
      "@aws-sdk/util-body-length-node" "3.208.0"
      "@aws-sdk/util-defaults-mode-browser" "3.272.0"
      "@aws-sdk/util-defaults-mode-node" "3.272.0"
      "@aws-sdk/util-endpoints" "3.272.0"
      "@aws-sdk/util-retry" "3.272.0"
      "@aws-sdk/util-user-agent-browser" "3.272.0"
      "@aws-sdk/util-user-agent-node" "3.272.0"
      "@aws-sdk/util-utf8" "3.254.0"
      tslib "^2.3.1"
  
  "@aws-sdk/client-sso@3.272.0":
    version "3.272.0"
    resolved "https://registry.yarnpkg.com/@aws-sdk/client-sso/-/client-sso-3.272.0.tgz#6dedf03e5c1d31ef745e72091868082b10c0bca5"
    integrity sha512-xn9a0IGONwQIARmngThoRhF1lLGjHAD67sUaShgIMaIMc6ipVYN6alWG1VuUpoUQ6iiwMEt0CHdfCyLyUV/fTA==
    dependencies:
      "@aws-crypto/sha256-browser" "3.0.0"
      "@aws-crypto/sha256-js" "3.0.0"
      "@aws-sdk/config-resolver" "3.272.0"
      "@aws-sdk/fetch-http-handler" "3.272.0"
      "@aws-sdk/hash-node" "3.272.0"
      "@aws-sdk/invalid-dependency" "3.272.0"
      "@aws-sdk/middleware-content-length" "3.272.0"
      "@aws-sdk/middleware-endpoint" "3.272.0"
      "@aws-sdk/middleware-host-header" "3.272.0"
      "@aws-sdk/middleware-logger" "3.272.0"
      "@aws-sdk/middleware-recursion-detection" "3.272.0"
      "@aws-sdk/middleware-retry" "3.272.0"
      "@aws-sdk/middleware-serde" "3.272.0"
      "@aws-sdk/middleware-stack" "3.272.0"
      "@aws-sdk/middleware-user-agent" "3.272.0"
      "@aws-sdk/node-config-provider" "3.272.0"
      "@aws-sdk/node-http-handler" "3.272.0"
      "@aws-sdk/protocol-http" "3.272.0"
      "@aws-sdk/smithy-client" "3.272.0"
      "@aws-sdk/types" "3.272.0"
      "@aws-sdk/url-parser" "3.272.0"
      "@aws-sdk/util-base64" "3.208.0"
      "@aws-sdk/util-body-length-browser" "3.188.0"
      "@aws-sdk/util-body-length-node" "3.208.0"
      "@aws-sdk/util-defaults-mode-browser" "3.272.0"
      "@aws-sdk/util-defaults-mode-node" "3.272.0"
      "@aws-sdk/util-endpoints" "3.272.0"
      "@aws-sdk/util-retry" "3.272.0"
      "@aws-sdk/util-user-agent-browser" "3.272.0"
      "@aws-sdk/util-user-agent-node" "3.272.0"
      "@aws-sdk/util-utf8" "3.254.0"
      tslib "^2.3.1"
  
  "@aws-sdk/client-sts@3.276.0":
    version "3.276.0"
    resolved "https://registry.yarnpkg.com/@aws-sdk/client-sts/-/client-sts-3.276.0.tgz#89bc73cfb92807fffac824a3aafe15cf218f2385"
    integrity sha512-J6FR4tYa/WdDdwWAKhw/mXQXKWUaZZQpMiyFEbFPQyURSWu3u17nv97NUdvVOgCth48H6Wb6a4ksssYy4K9tFQ==
    dependencies:
      "@aws-crypto/sha256-browser" "3.0.0"
      "@aws-crypto/sha256-js" "3.0.0"
      "@aws-sdk/config-resolver" "3.272.0"
      "@aws-sdk/credential-provider-node" "3.272.0"
      "@aws-sdk/fetch-http-handler" "3.272.0"
      "@aws-sdk/hash-node" "3.272.0"
      "@aws-sdk/invalid-dependency" "3.272.0"
      "@aws-sdk/middleware-content-length" "3.272.0"
      "@aws-sdk/middleware-endpoint" "3.272.0"
      "@aws-sdk/middleware-host-header" "3.272.0"
      "@aws-sdk/middleware-logger" "3.272.0"
      "@aws-sdk/middleware-recursion-detection" "3.272.0"
      "@aws-sdk/middleware-retry" "3.272.0"
      "@aws-sdk/middleware-sdk-sts" "3.272.0"
      "@aws-sdk/middleware-serde" "3.272.0"
      "@aws-sdk/middleware-signing" "3.272.0"
      "@aws-sdk/middleware-stack" "3.272.0"
      "@aws-sdk/middleware-user-agent" "3.272.0"
      "@aws-sdk/node-config-provider" "3.272.0"
      "@aws-sdk/node-http-handler" "3.272.0"
      "@aws-sdk/protocol-http" "3.272.0"
      "@aws-sdk/smithy-client" "3.272.0"
      "@aws-sdk/types" "3.272.0"
      "@aws-sdk/url-parser" "3.272.0"
      "@aws-sdk/util-base64" "3.208.0"
      "@aws-sdk/util-body-length-browser" "3.188.0"
      "@aws-sdk/util-body-length-node" "3.208.0"
      "@aws-sdk/util-defaults-mode-browser" "3.272.0"
      "@aws-sdk/util-defaults-mode-node" "3.272.0"
      "@aws-sdk/util-endpoints" "3.272.0"
      "@aws-sdk/util-retry" "3.272.0"
      "@aws-sdk/util-user-agent-browser" "3.272.0"
      "@aws-sdk/util-user-agent-node" "3.272.0"
      "@aws-sdk/util-utf8" "3.254.0"
      fast-xml-parser "4.1.2"
      tslib "^2.3.1"
  
  "@aws-sdk/config-resolver@3.272.0":
    version "3.272.0"
    resolved "https://registry.yarnpkg.com/@aws-sdk/config-resolver/-/config-resolver-3.272.0.tgz#207af3c70b05c4d93c60fa60201c93dff78802ba"
    integrity sha512-Dr4CffRVNsOp3LRNdpvcH6XuSgXOSLblWliCy/5I86cNl567KVMxujVx6uPrdTXYs2h1rt3MNl6jQGnAiJeTbw==
    dependencies:
      "@aws-sdk/signature-v4" "3.272.0"
      "@aws-sdk/types" "3.272.0"
      "@aws-sdk/util-config-provider" "3.208.0"
      "@aws-sdk/util-middleware" "3.272.0"
      tslib "^2.3.1"
  
  "@aws-sdk/credential-provider-cognito-identity@3.276.0":
    version "3.276.0"
    resolved "https://registry.yarnpkg.com/@aws-sdk/credential-provider-cognito-identity/-/credential-provider-cognito-identity-3.276.0.tgz#b49d5981b3fd9a9f091b2a4ab5344663f83bb5af"
    integrity sha512-LaIQNt2F+XWvX031MzYNoHWuqjpyomsdI+1y6KaeC/9z51Y+usmB/ay1jYK/kUmXl/NcBmZR5gPELZu7P6WtaQ==
    dependencies:
      "@aws-sdk/client-cognito-identity" "3.276.0"
      "@aws-sdk/property-provider" "3.272.0"
      "@aws-sdk/types" "3.272.0"
      tslib "^2.3.1"
  
  "@aws-sdk/credential-provider-env@3.272.0":
    version "3.272.0"
    resolved "https://registry.yarnpkg.com/@aws-sdk/credential-provider-env/-/credential-provider-env-3.272.0.tgz#c647799806d2cf491b9b0d8d32682393caf74e20"
    integrity sha512-QI65NbLnKLYHyTYhXaaUrq6eVsCCrMUb05WDA7+TJkWkjXesovpjc8vUKgFiLSxmgKmb2uOhHNcDyObKMrYQFw==
    dependencies:
      "@aws-sdk/property-provider" "3.272.0"
      "@aws-sdk/types" "3.272.0"
      tslib "^2.3.1"
  
  "@aws-sdk/credential-provider-imds@3.272.0":
    version "3.272.0"
    resolved "https://registry.yarnpkg.com/@aws-sdk/credential-provider-imds/-/credential-provider-imds-3.272.0.tgz#8e740961c2e1f9b93a467e8d5e836e359e18592c"
    integrity sha512-wwAfVY1jTFQEfxVfdYD5r5ieYGl+0g4nhekVxNMqE8E1JeRDd18OqiwAflzpgBIqxfqvCUkf+vl5JYyacMkNAQ==
    dependencies:
      "@aws-sdk/node-config-provider" "3.272.0"
      "@aws-sdk/property-provider" "3.272.0"
      "@aws-sdk/types" "3.272.0"
      "@aws-sdk/url-parser" "3.272.0"
      tslib "^2.3.1"
  
  "@aws-sdk/credential-provider-ini@3.272.0":
    version "3.272.0"
    resolved "https://registry.yarnpkg.com/@aws-sdk/credential-provider-ini/-/credential-provider-ini-3.272.0.tgz#86fe4faf38507fada22cbe6f422ebad8777e0172"
    integrity sha512-iE3CDzK5NcupHYjfYjBdY1JCy8NLEoRUsboEjG0i0gy3S3jVpDeVHX1dLVcL/slBFj6GiM7SoNV/UfKnJf3Gaw==
    dependencies:
      "@aws-sdk/credential-provider-env" "3.272.0"
      "@aws-sdk/credential-provider-imds" "3.272.0"
      "@aws-sdk/credential-provider-process" "3.272.0"
      "@aws-sdk/credential-provider-sso" "3.272.0"
      "@aws-sdk/credential-provider-web-identity" "3.272.0"
      "@aws-sdk/property-provider" "3.272.0"
      "@aws-sdk/shared-ini-file-loader" "3.272.0"
      "@aws-sdk/types" "3.272.0"
      tslib "^2.3.1"
  
  "@aws-sdk/credential-provider-node@3.272.0":
    version "3.272.0"
    resolved "https://registry.yarnpkg.com/@aws-sdk/credential-provider-node/-/credential-provider-node-3.272.0.tgz#953f73468f87510f1dcd0480f6f17139b4b3c0bf"
    integrity sha512-FI8uvwM1IxiRSvbkdKv8DZG5vxU3ezaseTaB1fHWTxEUFb0pWIoHX9oeOKer9Fj31SOZTCNAaYFURbSRuZlm/w==
    dependencies:
      "@aws-sdk/credential-provider-env" "3.272.0"
      "@aws-sdk/credential-provider-imds" "3.272.0"
      "@aws-sdk/credential-provider-ini" "3.272.0"
      "@aws-sdk/credential-provider-process" "3.272.0"
      "@aws-sdk/credential-provider-sso" "3.272.0"
      "@aws-sdk/credential-provider-web-identity" "3.272.0"
      "@aws-sdk/property-provider" "3.272.0"
      "@aws-sdk/shared-ini-file-loader" "3.272.0"
      "@aws-sdk/types" "3.272.0"
      tslib "^2.3.1"
  
  "@aws-sdk/credential-provider-process@3.272.0":
    version "3.272.0"
    resolved "https://registry.yarnpkg.com/@aws-sdk/credential-provider-process/-/credential-provider-process-3.272.0.tgz#bd0c859554e705c085f0e2ad5dad7e1e43c967ad"
    integrity sha512-hiCAjWWm2PeBFp5cjkxqyam/XADjiS+e7GzwC34TbZn3LisS0uoweLojj9tD11NnnUhyhbLteUvu5+rotOLwrg==
    dependencies:
      "@aws-sdk/property-provider" "3.272.0"
      "@aws-sdk/shared-ini-file-loader" "3.272.0"
      "@aws-sdk/types" "3.272.0"
      tslib "^2.3.1"
  
  "@aws-sdk/credential-provider-sso@3.272.0":
    version "3.272.0"
    resolved "https://registry.yarnpkg.com/@aws-sdk/credential-provider-sso/-/credential-provider-sso-3.272.0.tgz#bd24f9b06088aed91c5d6aaddf3f7e7ab818afd7"
    integrity sha512-hwYaulyiU/7chKKFecxCeo0ls6Dxs7h+5EtoYcJJGvfpvCncyOZF35t00OAsCd3Wo7HkhhgfpGdb6dmvCNQAZQ==
    dependencies:
      "@aws-sdk/client-sso" "3.272.0"
      "@aws-sdk/property-provider" "3.272.0"
      "@aws-sdk/shared-ini-file-loader" "3.272.0"
      "@aws-sdk/token-providers" "3.272.0"
      "@aws-sdk/types" "3.272.0"
      tslib "^2.3.1"
  
  "@aws-sdk/credential-provider-web-identity@3.272.0":
    version "3.272.0"
    resolved "https://registry.yarnpkg.com/@aws-sdk/credential-provider-web-identity/-/credential-provider-web-identity-3.272.0.tgz#2a1d8f73654c2d50bf27c6355a550bc389d6057e"
    integrity sha512-ImrHMkcgneGa/HadHAQXPwOrX26sAKuB8qlMxZF/ZCM2B55u8deY+ZVkVuraeKb7YsahMGehPFOfRAF6mvFI5Q==
    dependencies:
      "@aws-sdk/property-provider" "3.272.0"
      "@aws-sdk/types" "3.272.0"
      tslib "^2.3.1"
  
  "@aws-sdk/credential-providers@^3.186.0":
    version "3.276.0"
    resolved "https://registry.yarnpkg.com/@aws-sdk/credential-providers/-/credential-providers-3.276.0.tgz#1fee8ee02d1831c5781627ccea737ead524b6480"
    integrity sha512-pgKP0dRMP48eDfXIcGENKzi6CIA7IVUAqFdWLY1bonq7DGSLveBvD7hkxu1ZXVp6HlucLiGtncgGrRKBmtK6Jg==
    dependencies:
      "@aws-sdk/client-cognito-identity" "3.276.0"
      "@aws-sdk/client-sso" "3.272.0"
      "@aws-sdk/client-sts" "3.276.0"
      "@aws-sdk/credential-provider-cognito-identity" "3.276.0"
      "@aws-sdk/credential-provider-env" "3.272.0"
      "@aws-sdk/credential-provider-imds" "3.272.0"
      "@aws-sdk/credential-provider-ini" "3.272.0"
      "@aws-sdk/credential-provider-node" "3.272.0"
      "@aws-sdk/credential-provider-process" "3.272.0"
      "@aws-sdk/credential-provider-sso" "3.272.0"
      "@aws-sdk/credential-provider-web-identity" "3.272.0"
      "@aws-sdk/property-provider" "3.272.0"
      "@aws-sdk/shared-ini-file-loader" "3.272.0"
      "@aws-sdk/types" "3.272.0"
      tslib "^2.3.1"
  
  "@aws-sdk/fetch-http-handler@3.272.0":
    version "3.272.0"
    resolved "https://registry.yarnpkg.com/@aws-sdk/fetch-http-handler/-/fetch-http-handler-3.272.0.tgz#52ec2ba4ea25738a91db466a617bd7cc2bd6d2e9"
    integrity sha512-1Qhm9e0RbS1Xf4CZqUbQyUMkDLd7GrsRXWIvm9b86/vgeV8/WnjO3CMue9D51nYgcyQORhYXv6uVjAYCWbUExA==
    dependencies:
      "@aws-sdk/protocol-http" "3.272.0"
      "@aws-sdk/querystring-builder" "3.272.0"
      "@aws-sdk/types" "3.272.0"
      "@aws-sdk/util-base64" "3.208.0"
      tslib "^2.3.1"
  
  "@aws-sdk/hash-node@3.272.0":
    version "3.272.0"
    resolved "https://registry.yarnpkg.com/@aws-sdk/hash-node/-/hash-node-3.272.0.tgz#a39d80fd118ad306f17191f0565ea4db88aa0563"
    integrity sha512-40dwND+iAm3VtPHPZu7/+CIdVJFk2s0cWZt1lOiMPMSXycSYJ45wMk7Lly3uoqRx0uWfFK5iT2OCv+fJi5jTng==
    dependencies:
      "@aws-sdk/types" "3.272.0"
      "@aws-sdk/util-buffer-from" "3.208.0"
      "@aws-sdk/util-utf8" "3.254.0"
      tslib "^2.3.1"
  
  "@aws-sdk/invalid-dependency@3.272.0":
    version "3.272.0"
    resolved "https://registry.yarnpkg.com/@aws-sdk/invalid-dependency/-/invalid-dependency-3.272.0.tgz#93b34dc0f78d0c44a4beae6dc75dde4801915f1c"
    integrity sha512-ysW6wbjl1Y78txHUQ/Tldj2Rg1BI7rpMO9B9xAF6yAX3mQ7t6SUPQG/ewOGvH2208NBIl3qP5e/hDf0Q6r/1iw==
    dependencies:
      "@aws-sdk/types" "3.272.0"
      tslib "^2.3.1"
  
  "@aws-sdk/is-array-buffer@3.201.0":
    version "3.201.0"
    resolved "https://registry.yarnpkg.com/@aws-sdk/is-array-buffer/-/is-array-buffer-3.201.0.tgz#06e557adc284fac2f26071c2944ae01f61b95854"
    integrity sha512-UPez5qLh3dNgt0DYnPD/q0mVJY84rA17QE26hVNOW3fAji8W2wrwrxdacWOxyXvlxWsVRcKmr+lay1MDqpAMfg==
    dependencies:
      tslib "^2.3.1"
  
  "@aws-sdk/middleware-content-length@3.272.0":
    version "3.272.0"
    resolved "https://registry.yarnpkg.com/@aws-sdk/middleware-content-length/-/middleware-content-length-3.272.0.tgz#400532904c505d3478ddf5c8fe1d703692ea87e8"
    integrity sha512-sAbDZSTNmLX+UTGwlUHJBWy0QGQkiClpHwVFXACon+aG0ySLNeRKEVYs6NCPYldw4cj6hveLUn50cX44ukHErw==
    dependencies:
      "@aws-sdk/protocol-http" "3.272.0"
      "@aws-sdk/types" "3.272.0"
      tslib "^2.3.1"
  
  "@aws-sdk/middleware-endpoint@3.272.0":
    version "3.272.0"
    resolved "https://registry.yarnpkg.com/@aws-sdk/middleware-endpoint/-/middleware-endpoint-3.272.0.tgz#3d10dff07eeb6239b39b2e2762b11d97f19e4a56"
    integrity sha512-Dk3JVjj7SxxoUKv3xGiOeBksvPtFhTDrVW75XJ98Ymv8gJH5L1sq4hIeJAHRKogGiRFq2J73mnZSlM9FVXEylg==
    dependencies:
      "@aws-sdk/middleware-serde" "3.272.0"
      "@aws-sdk/protocol-http" "3.272.0"
      "@aws-sdk/signature-v4" "3.272.0"
      "@aws-sdk/types" "3.272.0"
      "@aws-sdk/url-parser" "3.272.0"
      "@aws-sdk/util-config-provider" "3.208.0"
      "@aws-sdk/util-middleware" "3.272.0"
      tslib "^2.3.1"
  
  "@aws-sdk/middleware-host-header@3.272.0":
    version "3.272.0"
    resolved "https://registry.yarnpkg.com/@aws-sdk/middleware-host-header/-/middleware-host-header-3.272.0.tgz#c47b8d35be6d5fbc548378b4694bf705adaae74d"
    integrity sha512-Q8K7bMMFZnioUXpxn57HIt4p+I63XaNAawMLIZ5B4F2piyukbQeM9q2XVKMGwqLvijHR8CyP5nHrtKqVuINogQ==
    dependencies:
      "@aws-sdk/protocol-http" "3.272.0"
      "@aws-sdk/types" "3.272.0"
      tslib "^2.3.1"
  
  "@aws-sdk/middleware-logger@3.272.0":
    version "3.272.0"
    resolved "https://registry.yarnpkg.com/@aws-sdk/middleware-logger/-/middleware-logger-3.272.0.tgz#372e2514b17b826a2b40562667e2543125980705"
    integrity sha512-u2SQ0hWrFwxbxxYMG5uMEgf01pQY5jauK/LYWgGIvuCmFgiyRQQP3oN7kkmsxnS9MWmNmhbyQguX2NY02s5e9w==
    dependencies:
      "@aws-sdk/types" "3.272.0"
      tslib "^2.3.1"
  
  "@aws-sdk/middleware-recursion-detection@3.272.0":
    version "3.272.0"
    resolved "https://registry.yarnpkg.com/@aws-sdk/middleware-recursion-detection/-/middleware-recursion-detection-3.272.0.tgz#1e6ddc66a11fa2bfd2a59607d2ac5603be6d1072"
    integrity sha512-Gp/eKWeUWVNiiBdmUM2qLkBv+VLSJKoWAO+aKmyxxwjjmWhE0FrfA1NQ1a3g+NGMhRbAfQdaYswRAKsul70ISg==
    dependencies:
      "@aws-sdk/protocol-http" "3.272.0"
      "@aws-sdk/types" "3.272.0"
      tslib "^2.3.1"
  
  "@aws-sdk/middleware-retry@3.272.0":
    version "3.272.0"
    resolved "https://registry.yarnpkg.com/@aws-sdk/middleware-retry/-/middleware-retry-3.272.0.tgz#a38adcb9eb478246de3f3398bb8fd0a7682462eb"
    integrity sha512-pCGvHM7C76VbO/dFerH+Vwf7tGv7j+e+eGrvhQ35mRghCtfIou/WMfTZlD1TNee93crrAQQVZKjtW3dMB3WCzg==
    dependencies:
      "@aws-sdk/protocol-http" "3.272.0"
      "@aws-sdk/service-error-classification" "3.272.0"
      "@aws-sdk/types" "3.272.0"
      "@aws-sdk/util-middleware" "3.272.0"
      "@aws-sdk/util-retry" "3.272.0"
      tslib "^2.3.1"
      uuid "^8.3.2"
  
  "@aws-sdk/middleware-sdk-sts@3.272.0":
    version "3.272.0"
    resolved "https://registry.yarnpkg.com/@aws-sdk/middleware-sdk-sts/-/middleware-sdk-sts-3.272.0.tgz#aa437331f958e3af3b4bec7951256d0f34a8d431"
    integrity sha512-VvYPg7LrDIjUOWueSzo2wBzcNG7dw+cmzV6zAKaLxf0RC5jeAP4hE0OzDiiZfDrjNghEzgq/V+0NO+LewqYL9Q==
    dependencies:
      "@aws-sdk/middleware-signing" "3.272.0"
      "@aws-sdk/property-provider" "3.272.0"
      "@aws-sdk/protocol-http" "3.272.0"
      "@aws-sdk/signature-v4" "3.272.0"
      "@aws-sdk/types" "3.272.0"
      tslib "^2.3.1"
  
  "@aws-sdk/middleware-serde@3.272.0":
    version "3.272.0"
    resolved "https://registry.yarnpkg.com/@aws-sdk/middleware-serde/-/middleware-serde-3.272.0.tgz#9cb23aaa93fbf404fdb8e01b514b36b2d6fb5bc8"
    integrity sha512-kW1uOxgPSwtXPB5rm3QLdWomu42lkYpQL94tM1BjyFOWmBLO2lQhk5a7Dw6HkTozT9a+vxtscLChRa6KZe61Hw==
    dependencies:
      "@aws-sdk/types" "3.272.0"
      tslib "^2.3.1"
  
  "@aws-sdk/middleware-signing@3.272.0":
    version "3.272.0"
    resolved "https://registry.yarnpkg.com/@aws-sdk/middleware-signing/-/middleware-signing-3.272.0.tgz#ce632b547d5a091b4bda9d65cb4745445ab5d237"
    integrity sha512-4LChFK4VAR91X+dupqM8fQqYhFGE0G4Bf9rQlVTgGSbi2KUOmpqXzH0/WKE228nKuEhmH8+Qd2VPSAE2JcyAUA==
    dependencies:
      "@aws-sdk/property-provider" "3.272.0"
      "@aws-sdk/protocol-http" "3.272.0"
      "@aws-sdk/signature-v4" "3.272.0"
      "@aws-sdk/types" "3.272.0"
      "@aws-sdk/util-middleware" "3.272.0"
      tslib "^2.3.1"
  
  "@aws-sdk/middleware-stack@3.272.0":
    version "3.272.0"
    resolved "https://registry.yarnpkg.com/@aws-sdk/middleware-stack/-/middleware-stack-3.272.0.tgz#e62048e47b8ce2ff71d6d32234b6c0be70b0b008"
    integrity sha512-jhwhknnPBGhfXAGV5GXUWfEhDFoP/DN8MPCO2yC5OAxyp6oVJ8lTPLkZYMTW5VL0c0eG44dXpF4Ib01V+PlDrQ==
    dependencies:
      tslib "^2.3.1"
  
  "@aws-sdk/middleware-user-agent@3.272.0":
    version "3.272.0"
    resolved "https://registry.yarnpkg.com/@aws-sdk/middleware-user-agent/-/middleware-user-agent-3.272.0.tgz#ea49970c9dbbe4e8fce21763e2ff0d7acab057c2"
    integrity sha512-Qy7/0fsDJxY5l0bEk7WKDfqb4Os/sCAgFR2zEvrhDtbkhYPf72ysvg/nRUTncmCbo8tOok4SJii2myk8KMfjjw==
    dependencies:
      "@aws-sdk/protocol-http" "3.272.0"
      "@aws-sdk/types" "3.272.0"
      tslib "^2.3.1"
  
  "@aws-sdk/node-config-provider@3.272.0":
    version "3.272.0"
    resolved "https://registry.yarnpkg.com/@aws-sdk/node-config-provider/-/node-config-provider-3.272.0.tgz#7797a8f500593b1a7b91fc70bcd7a7245afd9a61"
    integrity sha512-YYCIBh9g1EQo7hm2l22HX5Yr9RoPQ2RCvhzKvF1n1e8t1QH4iObQrYUtqHG4khcm64Cft8C5MwZmgzHbya5Z6Q==
    dependencies:
      "@aws-sdk/property-provider" "3.272.0"
      "@aws-sdk/shared-ini-file-loader" "3.272.0"
      "@aws-sdk/types" "3.272.0"
      tslib "^2.3.1"
  
  "@aws-sdk/node-http-handler@3.272.0":
    version "3.272.0"
    resolved "https://registry.yarnpkg.com/@aws-sdk/node-http-handler/-/node-http-handler-3.272.0.tgz#732c7010310da292d4a6c30f915078e1792d029e"
    integrity sha512-VrW9PjhhngeyYp4yGYPe5S0vgZH6NwU3Po9xAgayUeE37Inr7LS1YteFMHdpgsUUeNXnh7d06CXqHo1XjtqOKA==
    dependencies:
      "@aws-sdk/abort-controller" "3.272.0"
      "@aws-sdk/protocol-http" "3.272.0"
      "@aws-sdk/querystring-builder" "3.272.0"
      "@aws-sdk/types" "3.272.0"
      tslib "^2.3.1"
  
  "@aws-sdk/property-provider@3.272.0":
    version "3.272.0"
    resolved "https://registry.yarnpkg.com/@aws-sdk/property-provider/-/property-provider-3.272.0.tgz#a626604303acfe83c1a1471f99872dee5641c1a4"
    integrity sha512-V1pZTaH5eqpAt8O8CzbItHhOtzIfFuWymvwZFkAtwKuaHpnl7jjrTouV482zoq8AD/fF+VVSshwBKYA7bhidIw==
    dependencies:
      "@aws-sdk/types" "3.272.0"
      tslib "^2.3.1"
  
  "@aws-sdk/protocol-http@3.272.0":
    version "3.272.0"
    resolved "https://registry.yarnpkg.com/@aws-sdk/protocol-http/-/protocol-http-3.272.0.tgz#11090fed5d1e20f9f8e97b479e1d6fb2247686f6"
    integrity sha512-4JQ54v5Yn08jspNDeHo45CaSn1CvTJqS1Ywgr79eU6jBExtguOWv6LNtwVSBD9X37v88iqaxt8iu1Z3pZZAJeg==
    dependencies:
      "@aws-sdk/types" "3.272.0"
      tslib "^2.3.1"
  
  "@aws-sdk/querystring-builder@3.272.0":
    version "3.272.0"
    resolved "https://registry.yarnpkg.com/@aws-sdk/querystring-builder/-/querystring-builder-3.272.0.tgz#788ca037e21942bb039c920c5dfa4d412b84ea27"
    integrity sha512-ndo++7GkdCj5tBXE6rGcITpSpZS4PfyV38wntGYAlj9liL1omk3bLZRY6uzqqkJpVHqbg2fD7O2qHNItzZgqhw==
    dependencies:
      "@aws-sdk/types" "3.272.0"
      "@aws-sdk/util-uri-escape" "3.201.0"
      tslib "^2.3.1"
  
  "@aws-sdk/querystring-parser@3.272.0":
    version "3.272.0"
    resolved "https://registry.yarnpkg.com/@aws-sdk/querystring-parser/-/querystring-parser-3.272.0.tgz#68db5798d10a353c35f62bf34cfcebaa53580e51"
    integrity sha512-5oS4/9n6N1LZW9tI3qq/0GnCuWoOXRgcHVB+AJLRBvDbEe+GI+C/xK1tKLsfpDNgsQJHc4IPQoIt4megyZ/1+A==
    dependencies:
      "@aws-sdk/types" "3.272.0"
      tslib "^2.3.1"
  
  "@aws-sdk/service-error-classification@3.272.0":
    version "3.272.0"
    resolved "https://registry.yarnpkg.com/@aws-sdk/service-error-classification/-/service-error-classification-3.272.0.tgz#cf19b82c2ab1e63bb03793c68e6a2b2e7cbd8382"
    integrity sha512-REoltM1LK9byyIufLqx9znhSolPcHQgVHIA2S0zu5sdt5qER4OubkLAXuo4MBbisUTmh8VOOvIyUb5ijZCXq1w==
  
  "@aws-sdk/shared-ini-file-loader@3.272.0":
    version "3.272.0"
    resolved "https://registry.yarnpkg.com/@aws-sdk/shared-ini-file-loader/-/shared-ini-file-loader-3.272.0.tgz#f924ec6e7c183ec749d42e204d8f0d0b7c58fa25"
    integrity sha512-lzFPohp5sy2XvwFjZIzLVCRpC0i5cwBiaXmFzXYQZJm6FSCszHO4ax+m9yrtlyVFF/2YPWl+/bzNthy4aJtseA==
    dependencies:
      "@aws-sdk/types" "3.272.0"
      tslib "^2.3.1"
  
  "@aws-sdk/signature-v4@3.272.0":
    version "3.272.0"
    resolved "https://registry.yarnpkg.com/@aws-sdk/signature-v4/-/signature-v4-3.272.0.tgz#751895d68c1d1122f1e9a0148146dbdf9db023ae"
    integrity sha512-pWxnHG1NqJWMwlhJ6NHNiUikOL00DHROmxah6krJPMPq4I3am2KY2Rs/8ouWhnEXKaHAv4EQhSALJ+7Mq5S4/A==
    dependencies:
      "@aws-sdk/is-array-buffer" "3.201.0"
      "@aws-sdk/types" "3.272.0"
      "@aws-sdk/util-hex-encoding" "3.201.0"
      "@aws-sdk/util-middleware" "3.272.0"
      "@aws-sdk/util-uri-escape" "3.201.0"
      "@aws-sdk/util-utf8" "3.254.0"
      tslib "^2.3.1"
  
  "@aws-sdk/smithy-client@3.272.0":
    version "3.272.0"
    resolved "https://registry.yarnpkg.com/@aws-sdk/smithy-client/-/smithy-client-3.272.0.tgz#cb6fe3d3ec95e10463c8ff6f1c59c55196bd19c1"
    integrity sha512-pvdleJ3kaRvyRw2pIZnqL85ZlWBOZrPKmR9I69GCvlyrfdjRBhbSjIEZ+sdhZudw0vdHxq25AGoLUXhofVLf5Q==
    dependencies:
      "@aws-sdk/middleware-stack" "3.272.0"
      "@aws-sdk/types" "3.272.0"
      tslib "^2.3.1"
  
  "@aws-sdk/token-providers@3.272.0":
    version "3.272.0"
    resolved "https://registry.yarnpkg.com/@aws-sdk/token-providers/-/token-providers-3.272.0.tgz#9a6a0347a8417be4cd1930eac37ca1fb3e9da5b4"
    integrity sha512-0GISJ4IKN2rXvbSddB775VjBGSKhYIGQnAdMqbvxi9LB6pSvVxcH9aIL28G0spiuL+dy3yGQZ8RlJPAyP9JW9A==
    dependencies:
      "@aws-sdk/client-sso-oidc" "3.272.0"
      "@aws-sdk/property-provider" "3.272.0"
      "@aws-sdk/shared-ini-file-loader" "3.272.0"
      "@aws-sdk/types" "3.272.0"
      tslib "^2.3.1"
  
  "@aws-sdk/types@3.272.0", "@aws-sdk/types@^3.222.0":
    version "3.272.0"
    resolved "https://registry.yarnpkg.com/@aws-sdk/types/-/types-3.272.0.tgz#83670e4009c2e72f1fdf55816c55c9f8b5935e0a"
    integrity sha512-MmmL6vxMGP5Bsi+4wRx4mxYlU/LX6M0noOXrDh/x5FfG7/4ZOar/nDxqDadhJtNM88cuWVHZWY59P54JzkGWmA==
    dependencies:
      tslib "^2.3.1"
  
  "@aws-sdk/url-parser@3.272.0":
    version "3.272.0"
    resolved "https://registry.yarnpkg.com/@aws-sdk/url-parser/-/url-parser-3.272.0.tgz#1a21abb8815ccc2c1344a3dfab0343f4e3eff4d3"
    integrity sha512-vX/Tx02PlnQ/Kgtf5TnrNDHPNbY+amLZjW0Z1d9vzAvSZhQ4i9Y18yxoRDIaDTCNVRDjdhV8iuctW+05PB5JtQ==
    dependencies:
      "@aws-sdk/querystring-parser" "3.272.0"
      "@aws-sdk/types" "3.272.0"
      tslib "^2.3.1"
  
  "@aws-sdk/util-base64@3.208.0":
    version "3.208.0"
    resolved "https://registry.yarnpkg.com/@aws-sdk/util-base64/-/util-base64-3.208.0.tgz#36b430e5396251f761590f7c2f0c5c12193f353c"
    integrity sha512-PQniZph5A6N7uuEOQi+1hnMz/FSOK/8kMFyFO+4DgA1dZ5pcKcn5wiFwHkcTb/BsgVqQa3Jx0VHNnvhlS8JyTg==
    dependencies:
      "@aws-sdk/util-buffer-from" "3.208.0"
      tslib "^2.3.1"
  
  "@aws-sdk/util-body-length-browser@3.188.0":
    version "3.188.0"
    resolved "https://registry.yarnpkg.com/@aws-sdk/util-body-length-browser/-/util-body-length-browser-3.188.0.tgz#e1d949318c10a621b38575a9ef01e39f9857ddb0"
    integrity sha512-8VpnwFWXhnZ/iRSl9mTf+VKOX9wDE8QtN4bj9pBfxwf90H1X7E8T6NkiZD3k+HubYf2J94e7DbeHs7fuCPW5Qg==
    dependencies:
      tslib "^2.3.1"
  
  "@aws-sdk/util-body-length-node@3.208.0":
    version "3.208.0"
    resolved "https://registry.yarnpkg.com/@aws-sdk/util-body-length-node/-/util-body-length-node-3.208.0.tgz#baabd1fa1206ff2bd4ce3785122d86eb3258dd20"
    integrity sha512-3zj50e5g7t/MQf53SsuuSf0hEELzMtD8RX8C76f12OSRo2Bca4FLLYHe0TZbxcfQHom8/hOaeZEyTyMogMglqg==
    dependencies:
      tslib "^2.3.1"
  
  "@aws-sdk/util-buffer-from@3.208.0":
    version "3.208.0"
    resolved "https://registry.yarnpkg.com/@aws-sdk/util-buffer-from/-/util-buffer-from-3.208.0.tgz#285e86f6dc9030148a4147d65239e75cb254a1b0"
    integrity sha512-7L0XUixNEFcLUGPeBF35enCvB9Xl+K6SQsmbrPk1P3mlV9mguWSDQqbOBwY1Ir0OVbD6H/ZOQU7hI/9RtRI0Zw==
    dependencies:
      "@aws-sdk/is-array-buffer" "3.201.0"
      tslib "^2.3.1"
  
  "@aws-sdk/util-config-provider@3.208.0":
    version "3.208.0"
    resolved "https://registry.yarnpkg.com/@aws-sdk/util-config-provider/-/util-config-provider-3.208.0.tgz#c485fd83fbac051337e5f6be60ea3f9fa61c0139"
    integrity sha512-DSRqwrERUsT34ug+anlMBIFooBEGwM8GejC7q00Y/9IPrQy50KnG5PW2NiTjuLKNi7pdEOlwTSEocJE15eDZIg==
    dependencies:
      tslib "^2.3.1"
  
  "@aws-sdk/util-defaults-mode-browser@3.272.0":
    version "3.272.0"
    resolved "https://registry.yarnpkg.com/@aws-sdk/util-defaults-mode-browser/-/util-defaults-mode-browser-3.272.0.tgz#1e66d738315a2e8c7a947dcb2042d6547885db83"
    integrity sha512-W8ZVJSZRuUBg8l0JEZzUc+9fKlthVp/cdE+pFeF8ArhZelOLCiaeCrMaZAeJusaFzIpa6cmOYQAjtSMVyrwRtg==
    dependencies:
      "@aws-sdk/property-provider" "3.272.0"
      "@aws-sdk/types" "3.272.0"
      bowser "^2.11.0"
      tslib "^2.3.1"
  
  "@aws-sdk/util-defaults-mode-node@3.272.0":
    version "3.272.0"
    resolved "https://registry.yarnpkg.com/@aws-sdk/util-defaults-mode-node/-/util-defaults-mode-node-3.272.0.tgz#1a35845125a665480b6ff379b98aa4c1fef2cc3a"
    integrity sha512-U0NTcbMw6KFk7uz/avBmfxQSTREEiX6JDMH68oN/3ux4AICd2I4jHyxnloSWGuiER1FxZf1dEJ8ZTwy8Ibl21Q==
    dependencies:
      "@aws-sdk/config-resolver" "3.272.0"
      "@aws-sdk/credential-provider-imds" "3.272.0"
      "@aws-sdk/node-config-provider" "3.272.0"
      "@aws-sdk/property-provider" "3.272.0"
      "@aws-sdk/types" "3.272.0"
      tslib "^2.3.1"
  
  "@aws-sdk/util-endpoints@3.272.0":
    version "3.272.0"
    resolved "https://registry.yarnpkg.com/@aws-sdk/util-endpoints/-/util-endpoints-3.272.0.tgz#4e4c849708634c3dd840a11abaacb02c89db46d3"
    integrity sha512-c4MPUaJt2G6gGpoiwIOqDfUa98c1J63RpYvf/spQEKOtC/tF5Gfqlxuq8FnAl5lHnrqj1B9ZXLLxFhHtDR0IiQ==
    dependencies:
      "@aws-sdk/types" "3.272.0"
      tslib "^2.3.1"
  
  "@aws-sdk/util-hex-encoding@3.201.0":
    version "3.201.0"
    resolved "https://registry.yarnpkg.com/@aws-sdk/util-hex-encoding/-/util-hex-encoding-3.201.0.tgz#21d7ec319240ee68c33d938e71cb79830bea315d"
    integrity sha512-7t1vR1pVxKx0motd3X9rI3m/xNp78p3sHtP5yo4NP4ARpxyJ0fokBomY8ScaH2D/B+U5o9ARxldJUdMqyBlJcA==
    dependencies:
      tslib "^2.3.1"
  
  "@aws-sdk/util-locate-window@^3.0.0":
    version "3.208.0"
    resolved "https://registry.yarnpkg.com/@aws-sdk/util-locate-window/-/util-locate-window-3.208.0.tgz#0f598fc238a1256e4bcb64d01459f03a922dd4c3"
    integrity sha512-iua1A2+P7JJEDHVgvXrRJSvsnzG7stYSGQnBVphIUlemwl6nN5D+QrgbjECtrbxRz8asYFHSzhdhECqN+tFiBg==
    dependencies:
      tslib "^2.3.1"
  
  "@aws-sdk/util-middleware@3.272.0":
    version "3.272.0"
    resolved "https://registry.yarnpkg.com/@aws-sdk/util-middleware/-/util-middleware-3.272.0.tgz#ed7d732a34659b07f949e2de39cde66271a3c632"
    integrity sha512-Abw8m30arbwxqmeMMha5J11ESpHUNmCeSqSzE8/C4B8jZQtHY4kq7f+upzcNIQ11lsd+uzBEzNG3+dDRi0XOJQ==
    dependencies:
      tslib "^2.3.1"
  
  "@aws-sdk/util-retry@3.272.0":
    version "3.272.0"
    resolved "https://registry.yarnpkg.com/@aws-sdk/util-retry/-/util-retry-3.272.0.tgz#049f777d4a8f9fd7b7ed02e116d3a23ceb34f128"
    integrity sha512-Ngha5414LR4gRHURVKC9ZYXsEJhMkm+SJ+44wlzOhavglfdcKKPUsibz5cKY1jpUV7oKECwaxHWpBB8r6h+hOg==
    dependencies:
      "@aws-sdk/service-error-classification" "3.272.0"
      tslib "^2.3.1"
  
  "@aws-sdk/util-uri-escape@3.201.0":
    version "3.201.0"
    resolved "https://registry.yarnpkg.com/@aws-sdk/util-uri-escape/-/util-uri-escape-3.201.0.tgz#5e708d4cde001a4558ee616f889ceacfadd2ab03"
    integrity sha512-TeTWbGx4LU2c5rx0obHeDFeO9HvwYwQtMh1yniBz00pQb6Qt6YVOETVQikRZ+XRQwEyCg/dA375UplIpiy54mA==
    dependencies:
      tslib "^2.3.1"
  
  "@aws-sdk/util-user-agent-browser@3.272.0":
    version "3.272.0"
    resolved "https://registry.yarnpkg.com/@aws-sdk/util-user-agent-browser/-/util-user-agent-browser-3.272.0.tgz#9ff8834d38b2178d72cc5c63ba3e089cc1b9a9ae"
    integrity sha512-Lp5QX5bH6uuwBlIdr7w7OAcAI50ttyskb++yUr9i+SPvj6RI2dsfIBaK4mDg1qUdM5LeUdvIyqwj3XHjFKAAvA==
    dependencies:
      "@aws-sdk/types" "3.272.0"
      bowser "^2.11.0"
      tslib "^2.3.1"
  
  "@aws-sdk/util-user-agent-node@3.272.0":
    version "3.272.0"
    resolved "https://registry.yarnpkg.com/@aws-sdk/util-user-agent-node/-/util-user-agent-node-3.272.0.tgz#8e8c85d8c3ac4471a309589d91094be14a4260df"
    integrity sha512-ljK+R3l+Q1LIHrcR+Knhk0rmcSkfFadZ8V+crEGpABf/QUQRg7NkZMsoe814tfBO5F7tMxo8wwwSdaVNNHtoRA==
    dependencies:
      "@aws-sdk/node-config-provider" "3.272.0"
      "@aws-sdk/types" "3.272.0"
      tslib "^2.3.1"
  
  "@aws-sdk/util-utf8-browser@^3.0.0":
    version "3.259.0"
    resolved "https://registry.yarnpkg.com/@aws-sdk/util-utf8-browser/-/util-utf8-browser-3.259.0.tgz#3275a6f5eb334f96ca76635b961d3c50259fd9ff"
    integrity sha512-UvFa/vR+e19XookZF8RzFZBrw2EUkQWxiBW0yYQAhvk3C+QVGl0H3ouca8LDBlBfQKXwmW3huo/59H8rwb1wJw==
    dependencies:
      tslib "^2.3.1"
  
  "@aws-sdk/util-utf8@3.254.0":
    version "3.254.0"
    resolved "https://registry.yarnpkg.com/@aws-sdk/util-utf8/-/util-utf8-3.254.0.tgz#909af9c6549833a9a9bf77004b7484bfc96b2c35"
    integrity sha512-14Kso/eIt5/qfIBmhEL9L1IfyUqswjSTqO2mY7KOzUZ9SZbwn3rpxmtkhmATkRjD7XIlLKaxBkI7tU9Zjzj8Kw==
    dependencies:
      "@aws-sdk/util-buffer-from" "3.208.0"
      tslib "^2.3.1"
  
  "@cspotcode/source-map-support@^0.8.0":
    version "0.8.1"
    resolved "https://registry.npmjs.org/@cspotcode/source-map-support/-/source-map-support-0.8.1.tgz"
    integrity sha512-IchNf6dN4tHoMFIn/7OE8LWZ19Y6q/67Bmf6vnGREv8RSbBVb9LPJxEcnwrcwX6ixSvaiGoomAUvu4YSxXrVgw==
    dependencies:
      "@jridgewell/trace-mapping" "0.3.9"
  
  "@jridgewell/resolve-uri@^3.0.3":
    version "3.1.0"
    resolved "https://registry.npmjs.org/@jridgewell/resolve-uri/-/resolve-uri-3.1.0.tgz"
    integrity sha512-F2msla3tad+Mfht5cJq7LSXcdudKTWCVYUgw6pLFOOHSTtZlj6SWNYAp+AhuqLmWdBO2X5hPrLcu8cVP8fy28w==
  
  "@jridgewell/sourcemap-codec@^1.4.10":
    version "1.4.14"
    resolved "https://registry.npmjs.org/@jridgewell/sourcemap-codec/-/sourcemap-codec-1.4.14.tgz"
    integrity sha512-XPSJHWmi394fuUuzDnGz1wiKqWfo1yXecHQMRf2l6hztTO+nPru658AyDngaBe7isIxEkRsPR3FZh+s7iVa4Uw==
  
  "@jridgewell/trace-mapping@0.3.9":
    version "0.3.9"
    resolved "https://registry.npmjs.org/@jridgewell/trace-mapping/-/trace-mapping-0.3.9.tgz"
    integrity sha512-3Belt6tdc8bPgAtbcmdtNJlirVoTmEb5e2gC94PnkwEW9jI6CAHUeoG85tjWP5WquqfavoMtMwiG4P926ZKKuQ==
    dependencies:
      "@jridgewell/resolve-uri" "^3.0.3"
      "@jridgewell/sourcemap-codec" "^1.4.10"
  
  "@prisma/engines@4.10.1":
    version "4.10.1"
    resolved "https://registry.npmjs.org/@prisma/engines/-/engines-4.10.1.tgz"
    integrity sha512-B3tcTxjx196nuAu1GOTKO9cGPUgTFHYRdkPkTS4m5ptb2cejyBlH9X7GOfSt3xlI7p4zAJDshJP4JJivCg9ouA==
  
  "@tsconfig/node10@^1.0.7":
    version "1.0.9"
    resolved "https://registry.npmjs.org/@tsconfig/node10/-/node10-1.0.9.tgz"
    integrity sha512-jNsYVVxU8v5g43Erja32laIDHXeoNvFEpX33OK4d6hljo3jDhCBDhx5dhCCTMWUojscpAagGiRkBKxpdl9fxqA==
  
  "@tsconfig/node12@^1.0.7":
    version "1.0.11"
    resolved "https://registry.npmjs.org/@tsconfig/node12/-/node12-1.0.11.tgz"
    integrity sha512-cqefuRsh12pWyGsIoBKJA9luFu3mRxCA+ORZvA4ktLSzIuCUtWVxGIuXigEwO5/ywWFMZ2QEGKWvkZG1zDMTag==
  
  "@tsconfig/node14@^1.0.0":
    version "1.0.3"
    resolved "https://registry.npmjs.org/@tsconfig/node14/-/node14-1.0.3.tgz"
    integrity sha512-ysT8mhdixWK6Hw3i1V2AeRqZ5WfXg1G43mqoYlM2nc6388Fq5jcXyr5mRsqViLx/GJYdoL0bfXD8nmF+Zn/Iow==
  
  "@tsconfig/node16@^1.0.2":
    version "1.0.3"
    resolved "https://registry.npmjs.org/@tsconfig/node16/-/node16-1.0.3.tgz"
    integrity sha512-yOlFc+7UtL/89t2ZhjPvvB/DeAr3r+Dq58IgzsFkOAvVC6NMJXmCGjbptdXdR9qsX7pKcTL+s87FtYREi2dEEQ==
  
  "@types/node@*", "@types/node@^18.14.0":
    version "18.14.0"
    resolved "https://registry.npmjs.org/@types/node/-/node-18.14.0.tgz"
    integrity sha512-5EWrvLmglK+imbCJY0+INViFWUHg1AHel1sq4ZVSfdcNqGy9Edv3UB9IIzzg+xPaUcAgZYcfVs2fBcwDeZzU0A==
  
  "@types/strip-bom@^3.0.0":
    version "3.0.0"
    resolved "https://registry.npmjs.org/@types/strip-bom/-/strip-bom-3.0.0.tgz"
    integrity sha512-xevGOReSYGM7g/kUBZzPqCrR/KYAo+F0yiPc85WFTJa0MSLtyFTVTU6cJu/aV4mid7IffDIWqo69THF2o4JiEQ==
  
  "@types/strip-json-comments@0.0.30":
    version "0.0.30"
    resolved "https://registry.npmjs.org/@types/strip-json-comments/-/strip-json-comments-0.0.30.tgz"
    integrity sha512-7NQmHra/JILCd1QqpSzl8+mJRc8ZHz3uDm8YV1Ks9IhK0epEiTw8aIErbvH9PI+6XbqhyIQy3462nEsn7UVzjQ==
  
  "@types/webidl-conversions@*":
    version "7.0.0"
    resolved "https://registry.yarnpkg.com/@types/webidl-conversions/-/webidl-conversions-7.0.0.tgz#2b8e60e33906459219aa587e9d1a612ae994cfe7"
    integrity sha512-xTE1E+YF4aWPJJeUzaZI5DRntlkY3+BCVJi0axFptnjGmAoWxkyREIh/XMrfxVLejwQxMCfDXdICo0VLxThrog==
  
  "@types/whatwg-url@^8.2.1":
    version "8.2.2"
    resolved "https://registry.yarnpkg.com/@types/whatwg-url/-/whatwg-url-8.2.2.tgz#749d5b3873e845897ada99be4448041d4cc39e63"
    integrity sha512-FtQu10RWgn3D9U4aazdwIE2yzphmTJREDqNdODHrbrZmmMqI0vMheC/6NE/J1Yveaj8H+ela+YwWTjq5PGmuhA==
    dependencies:
      "@types/node" "*"
      "@types/webidl-conversions" "*"
  
  acorn-walk@^8.1.1:
    version "8.2.0"
    resolved "https://registry.npmjs.org/acorn-walk/-/acorn-walk-8.2.0.tgz"
    integrity sha512-k+iyHEuPgSw6SbuDpGQM+06HQUa04DZ3o+F6CSzXMvvI5KMvnaEqXe+YVe555R9nn6GPt404fos4wcgpw12SDA==
  
  acorn@^8.4.1:
    version "8.8.2"
    resolved "https://registry.npmjs.org/acorn/-/acorn-8.8.2.tgz"
    integrity sha512-xjIYgE8HBrkpd/sJqOGNspf8uHG+NOHGOw6a/Urj8taM2EXfdNAH2oFcPeIFfsv3+kz/mJrS5VuMqbNLjCa2vw==
  
  anymatch@~3.1.2:
    version "3.1.3"
    resolved "https://registry.npmjs.org/anymatch/-/anymatch-3.1.3.tgz"
    integrity sha512-KMReFUr0B4t+D+OBkjR3KYqvocp2XaSzO55UcB6mgQMd3KbcE+mWTyvVV7D/zsdEbNnV6acZUutkiHQXvTr1Rw==
    dependencies:
      normalize-path "^3.0.0"
      picomatch "^2.0.4"
  
  arg@^4.1.0:
    version "4.1.3"
    resolved "https://registry.npmjs.org/arg/-/arg-4.1.3.tgz"
    integrity sha512-58S9QDqG0Xx27YwPSt9fJxivjYl432YCwfDMfZ+71RAqUrZef7LrKQZ3LHLOwCS4FLNBplP533Zx895SeOCHvA==
  
  balanced-match@^1.0.0:
    version "1.0.2"
    resolved "https://registry.npmjs.org/balanced-match/-/balanced-match-1.0.2.tgz"
    integrity sha512-3oSeUO0TMV67hN1AmbXsK4yaqU7tjiHlbxRDZOpH0KW9+CeX4bRAaX0Anxt0tx2MrpRpWwQaPwIlISEJhYU5Pw==
  
  base64-js@^1.3.1:
    version "1.5.1"
    resolved "https://registry.npmjs.org/base64-js/-/base64-js-1.5.1.tgz"
    integrity sha512-AKpaYlHn8t4SVbOHCy+b5+KKgvR4vrsD8vbvrbiQJps7fKDTkjkDry6ji0rUJjC0kzbNePLwzxq8iypo41qeWA==
  
  binary-extensions@^2.0.0:
    version "2.2.0"
    resolved "https://registry.npmjs.org/binary-extensions/-/binary-extensions-2.2.0.tgz"
    integrity sha512-jDctJ/IVQbZoJykoeHbhXpOlNBqGNcwXJKJog42E5HDPUwQTSdjCHdihjj0DlnheQ7blbT6dHOafNAiS8ooQKA==
  
  bl@^4.0.2:
    version "4.1.0"
    resolved "https://registry.npmjs.org/bl/-/bl-4.1.0.tgz"
    integrity sha512-1W07cM9gS6DcLperZfFSj+bWLtaPGSOHWhPiGzXmvVJbRLdG82sH/Kn8EtW1VqWVA54AKf2h5k5BbnIbwF3h6w==
    dependencies:
      buffer "^5.5.0"
      inherits "^2.0.4"
      readable-stream "^3.4.0"
  
  bowser@^2.11.0:
    version "2.11.0"
    resolved "https://registry.yarnpkg.com/bowser/-/bowser-2.11.0.tgz#5ca3c35757a7aa5771500c70a73a9f91ef420a8f"
    integrity sha512-AlcaJBi/pqqJBIQ8U9Mcpc9i8Aqxn88Skv5d+xBX006BY5u8N3mGLHa5Lgppa7L/HfwgwLgZ6NYs+Ag6uUmJRA==
  
  brace-expansion@^1.1.7:
    version "1.1.11"
    resolved "https://registry.npmjs.org/brace-expansion/-/brace-expansion-1.1.11.tgz"
    integrity sha512-iCuPHDFgrHX7H2vEI/5xpz07zSHB00TpugqhmYtVmMO6518mCuRMoOYFldEBl0g187ufozdaHgWKcYFb61qGiA==
    dependencies:
      balanced-match "^1.0.0"
      concat-map "0.0.1"
  
  braces@~3.0.2:
    version "3.0.2"
    resolved "https://registry.npmjs.org/braces/-/braces-3.0.2.tgz"
    integrity sha512-b8um+L1RzM3WDSzvhm6gIz1yfTbBt6YTlcEKAvsmqCZZFw46z626lVj9j1yEPW33H5H+lBQpZMP1k8l+78Ha0A==
    dependencies:
      fill-range "^7.0.1"
  
  bson@^4.7.0:
    version "4.7.2"
    resolved "https://registry.yarnpkg.com/bson/-/bson-4.7.2.tgz#320f4ad0eaf5312dd9b45dc369cc48945e2a5f2e"
    integrity sha512-Ry9wCtIZ5kGqkJoi6aD8KjxFZEx78guTQDnpXWiNthsxzrxAK/i8E6pCHAIZTbaEFWcOCvbecMukfK7XUvyLpQ==
    dependencies:
      buffer "^5.6.0"
  
  buffer-from@^1.0.0:
    version "1.1.2"
    resolved "https://registry.npmjs.org/buffer-from/-/buffer-from-1.1.2.tgz"
    integrity sha512-E+XQCRwSbaaiChtv6k6Dwgc+bx+Bs6vuKJHHl5kox/BaKbhiXzqQOwK4cO22yElGp2OCmjwVhT3HmxgyPGnJfQ==
  
  buffer@^5.5.0, buffer@^5.6.0:
    version "5.7.1"
    resolved "https://registry.npmjs.org/buffer/-/buffer-5.7.1.tgz"
    integrity sha512-EHcyIPBQ4BSGlvjB16k5KgAJ27CIsHY/2JBmCRReo48y9rQ3MaUzWX3KVlBa4U7MyX02HdVj0K7C3WaB3ju7FQ==
    dependencies:
      base64-js "^1.3.1"
      ieee754 "^1.1.13"
  
  chokidar@^3.5.1:
    version "3.5.3"
    resolved "https://registry.npmjs.org/chokidar/-/chokidar-3.5.3.tgz"
    integrity sha512-Dr3sfKRP6oTcjf2JmUmFJfeVMvXBdegxB0iVQ5eb2V10uFJUCAS8OByZdVAyVb8xXNz3GjjTgj9kLWsZTqE6kw==
    dependencies:
      anymatch "~3.1.2"
      braces "~3.0.2"
      glob-parent "~5.1.2"
      is-binary-path "~2.1.0"
      is-glob "~4.0.1"
      normalize-path "~3.0.0"
      readdirp "~3.6.0"
    optionalDependencies:
      fsevents "~2.3.2"
  
  commist@^1.0.0:
    version "1.1.0"
    resolved "https://registry.npmjs.org/commist/-/commist-1.1.0.tgz"
    integrity sha512-rraC8NXWOEjhADbZe9QBNzLAN5Q3fsTPQtBV+fEVj6xKIgDgNiEVE6ZNfHpZOqfQ21YUzfVNUXLOEZquYvQPPg==
    dependencies:
      leven "^2.1.0"
      minimist "^1.1.0"
  
  concat-map@0.0.1:
    version "0.0.1"
    resolved "https://registry.npmjs.org/concat-map/-/concat-map-0.0.1.tgz"
    integrity sha512-/Srv4dswyQNBfohGpz9o6Yb3Gz3SrUDqBH5rTuhGR7ahtlbYKnVxw2bCFMRljaA7EXHaXZ8wsHdodFvbkhKmqg==
  
  concat-stream@^2.0.0:
    version "2.0.0"
    resolved "https://registry.npmjs.org/concat-stream/-/concat-stream-2.0.0.tgz"
    integrity sha512-MWufYdFw53ccGjCA+Ol7XJYpAlW6/prSMzuPOTRnJGcGzuhLn4Scrz7qf6o8bROZ514ltazcIFJZevcfbo0x7A==
    dependencies:
      buffer-from "^1.0.0"
      inherits "^2.0.3"
      readable-stream "^3.0.2"
      typedarray "^0.0.6"
  
  create-require@^1.1.0:
    version "1.1.1"
    resolved "https://registry.npmjs.org/create-require/-/create-require-1.1.1.tgz"
    integrity sha512-dcKFX3jn0MpIaXjisoRvexIJVEKzaq7z2rZKxf+MSr9TkdmHmsU4m2lcLojrj/FHl8mk5VxMmYA+ftRkP/3oKQ==
  
  debug@4.x, debug@^4.1.1, debug@^4.3.1:
    version "4.3.4"
    resolved "https://registry.npmjs.org/debug/-/debug-4.3.4.tgz"
    integrity sha512-PRWFHuSU3eDtQJPvnNY7Jcket1j0t5OuOsFzPPzsekD52Zl8qUfFIPEiswXqIvHWGVHOgX+7G/vCNNhehwxfkQ==
    dependencies:
      ms "2.1.2"
  
  diff@^4.0.1:
    version "4.0.2"
    resolved "https://registry.npmjs.org/diff/-/diff-4.0.2.tgz"
    integrity sha512-58lmxKSA4BNyLz+HHMUzlOEpg09FV+ev6ZMe3vJihgdxzgcwZ8VoEEPmALCZG9LmqfVoNMMKpttIYTVG6uDY7A==
  
  duplexify@^4.1.1:
    version "4.1.2"
    resolved "https://registry.npmjs.org/duplexify/-/duplexify-4.1.2.tgz"
    integrity sha512-fz3OjcNCHmRP12MJoZMPglx8m4rrFP8rovnk4vT8Fs+aonZoCwGg10dSsQsfP/E62eZcPTMSMP6686fu9Qlqtw==
    dependencies:
      end-of-stream "^1.4.1"
      inherits "^2.0.3"
      readable-stream "^3.1.1"
      stream-shift "^1.0.0"
  
  dynamic-dedupe@^0.3.0:
    version "0.3.0"
    resolved "https://registry.npmjs.org/dynamic-dedupe/-/dynamic-dedupe-0.3.0.tgz"
    integrity sha512-ssuANeD+z97meYOqd50e04Ze5qp4bPqo8cCkI4TRjZkzAUgIDTrXV1R8QCdINpiI+hw14+rYazvTRdQrz0/rFQ==
    dependencies:
      xtend "^4.0.0"
  
  end-of-stream@^1.1.0, end-of-stream@^1.4.1:
    version "1.4.4"
    resolved "https://registry.npmjs.org/end-of-stream/-/end-of-stream-1.4.4.tgz"
    integrity sha512-+uw1inIHVPQoaVuHzRyXd21icM+cnt4CzD5rW+NC1wjOUSTOs+Te7FOv7AhN7vS9x/oIyhLP5PR1H+phQAHu5Q==
    dependencies:
      once "^1.4.0"
  
  fast-xml-parser@4.1.2:
    version "4.1.2"
    resolved "https://registry.yarnpkg.com/fast-xml-parser/-/fast-xml-parser-4.1.2.tgz#5a98c18238d28a57bbdfa9fe4cda01211fff8f4a"
    integrity sha512-CDYeykkle1LiA/uqQyNwYpFbyF6Axec6YapmpUP+/RHWIoR1zKjocdvNaTsxCxZzQ6v9MLXaSYm9Qq0thv0DHg==
    dependencies:
      strnum "^1.0.5"
  
  fill-range@^7.0.1:
    version "7.0.1"
    resolved "https://registry.npmjs.org/fill-range/-/fill-range-7.0.1.tgz"
    integrity sha512-qOo9F+dMUmC2Lcb4BbVvnKJxTPjCm+RRpe4gDuGrzkL7mEVl/djYSu2OdQ2Pa302N4oqkSg9ir6jaLWJ2USVpQ==
    dependencies:
      to-regex-range "^5.0.1"
  
  fs.realpath@^1.0.0:
    version "1.0.0"
    resolved "https://registry.npmjs.org/fs.realpath/-/fs.realpath-1.0.0.tgz"
    integrity sha512-OO0pH2lK6a0hZnAdau5ItzHPI6pUlvI7jMVnxUQRtw4owF2wk8lOSabtGDCTP4Ggrg2MbGnWO9X8K1t4+fGMDw==
  
  fsevents@~2.3.2:
    version "2.3.2"
    resolved "https://registry.yarnpkg.com/fsevents/-/fsevents-2.3.2.tgz#8a526f78b8fdf4623b709e0b975c52c24c02fd1a"
    integrity sha512-xiqMQR4xAeHTuB9uWm+fFRcIOgKBMiOBP+eXiyT7jsgVCq1bkVygt00oASowB7EdtpOHaaPgKt812P9ab+DDKA==
  
  function-bind@^1.1.1:
    version "1.1.1"
    resolved "https://registry.npmjs.org/function-bind/-/function-bind-1.1.1.tgz"
    integrity sha512-yIovAzMX49sF8Yl58fSCWJ5svSLuaibPxXQJFLmBObTuCr0Mf1KiPopGM9NiFjiYBCbfaa2Fh6breQ6ANVTI0A==
  
  glob-parent@~5.1.2:
    version "5.1.2"
    resolved "https://registry.npmjs.org/glob-parent/-/glob-parent-5.1.2.tgz"
    integrity sha512-AOIgSQCepiJYwP3ARnGx+5VnTu2HBYdzbGP45eLw1vr3zB3vZLeyed1sC9hnbcOc9/SrMyM5RPQrkGz4aS9Zow==
    dependencies:
      is-glob "^4.0.1"
  
  glob@^7.1.3, glob@^7.1.6:
    version "7.2.3"
    resolved "https://registry.npmjs.org/glob/-/glob-7.2.3.tgz"
    integrity sha512-nFR0zLpU2YCaRxwoCJvL6UvCH2JFyFVIvwTLsIf21AuHlMskA1hhTdk+LlYJtOlYt9v6dvszD2BGRqBL+iQK9Q==
    dependencies:
      fs.realpath "^1.0.0"
      inflight "^1.0.4"
      inherits "2"
      minimatch "^3.1.1"
      once "^1.3.0"
      path-is-absolute "^1.0.0"
  
  has@^1.0.3:
    version "1.0.3"
    resolved "https://registry.npmjs.org/has/-/has-1.0.3.tgz"
    integrity sha512-f2dvO0VU6Oej7RkWJGrehjbzMAjFp5/VKPp5tTpWIV4JHHZK1/BxbFRtf/siA2SWTe09caDmVtYYzWEIbBS4zw==
    dependencies:
      function-bind "^1.1.1"
  
  help-me@^3.0.0:
    version "3.0.0"
    resolved "https://registry.npmjs.org/help-me/-/help-me-3.0.0.tgz"
    integrity sha512-hx73jClhyk910sidBB7ERlnhMlFsJJIBqSVMFDwPN8o2v9nmp5KgLq1Xz1Bf1fCMMZ6mPrX159iG0VLy/fPMtQ==
    dependencies:
      glob "^7.1.6"
      readable-stream "^3.6.0"
  
  ieee754@^1.1.13:
    version "1.2.1"
    resolved "https://registry.npmjs.org/ieee754/-/ieee754-1.2.1.tgz"
    integrity sha512-dcyqhDvX1C46lXZcVqCpK+FtMRQVdIMN6/Df5js2zouUsqG7I6sFxitIC+7KYK29KdXOLHdu9zL4sFnoVQnqaA==
  
  inflight@^1.0.4:
    version "1.0.6"
    resolved "https://registry.npmjs.org/inflight/-/inflight-1.0.6.tgz"
    integrity sha512-k92I/b08q4wvFscXCLvqfsHCrjrF7yiXsQuIVvVE7N82W3+aqpzuUdBbfhWcy/FZR3/4IgflMgKLOsvPDrGCJA==
    dependencies:
      once "^1.3.0"
      wrappy "1"
  
  inherits@2, inherits@^2.0.3, inherits@^2.0.4:
    version "2.0.4"
    resolved "https://registry.npmjs.org/inherits/-/inherits-2.0.4.tgz"
    integrity sha512-k/vGaX4/Yla3WzyMCvTQOXYeIHvqOKtnqBduzTHpzpQZzAskKMhZ2K+EnBiSM9zGSoIFeMpXKxa4dYeZIQqewQ==
  
  ip@^2.0.0:
    version "2.0.0"
    resolved "https://registry.yarnpkg.com/ip/-/ip-2.0.0.tgz#4cf4ab182fee2314c75ede1276f8c80b479936da"
    integrity sha512-WKa+XuLG1A1R0UWhl2+1XQSi+fZWMsYKffMZTTYsiZaUD8k2yDAj5atimTUD2TZkyCkNEeYE5NhFZmupOGtjYQ==
  
  is-binary-path@~2.1.0:
    version "2.1.0"
    resolved "https://registry.npmjs.org/is-binary-path/-/is-binary-path-2.1.0.tgz"
    integrity sha512-ZMERYes6pDydyuGidse7OsHxtbI7WVeUEozgR/g7rd0xUimYNlvZRE/K2MgZTjWy725IfelLeVcEM97mmtRGXw==
    dependencies:
      binary-extensions "^2.0.0"
  
  is-core-module@^2.9.0:
    version "2.11.0"
    resolved "https://registry.npmjs.org/is-core-module/-/is-core-module-2.11.0.tgz"
    integrity sha512-RRjxlvLDkD1YJwDbroBHMb+cukurkDWNyHx7D3oNB5x9rb5ogcksMC5wHCadcXoo67gVr/+3GFySh3134zi6rw==
    dependencies:
      has "^1.0.3"
  
  is-extglob@^2.1.1:
    version "2.1.1"
    resolved "https://registry.npmjs.org/is-extglob/-/is-extglob-2.1.1.tgz"
    integrity sha512-SbKbANkN603Vi4jEZv49LeVJMn4yGwsbzZworEoyEiutsN3nJYdbO36zfhGJ6QEDpOZIFkDtnq5JRxmvl3jsoQ==
  
  is-glob@^4.0.1, is-glob@~4.0.1:
    version "4.0.3"
    resolved "https://registry.npmjs.org/is-glob/-/is-glob-4.0.3.tgz"
    integrity sha512-xelSayHH36ZgE7ZWhli7pW34hNbNl8Ojv5KVmkJD4hBdD3th8Tfk9vYasLM+mXWOZhFkgZfxhLSnrwRr4elSSg==
    dependencies:
      is-extglob "^2.1.1"
  
  is-number@^7.0.0:
    version "7.0.0"
    resolved "https://registry.npmjs.org/is-number/-/is-number-7.0.0.tgz"
    integrity sha512-41Cifkg6e8TylSpdtTpeLVMqvSBEVzTttHvERD741+pnZ8ANv0004MRL43QKPDlK9cGvNp6NZWZUBlbGXYxxng==
  
  js-sdsl@4.3.0:
    version "4.3.0"
    resolved "https://registry.npmjs.org/js-sdsl/-/js-sdsl-4.3.0.tgz"
    integrity sha512-mifzlm2+5nZ+lEcLJMoBK0/IH/bDg8XnJfd/Wq6IP+xoCjLZsTOnV2QpxlVbX9bMnkl5PdEjNtBJ9Cj1NjifhQ==
  
  json5@^2.2.2:
    version "2.2.3"
    resolved "https://registry.npmjs.org/json5/-/json5-2.2.3.tgz"
    integrity sha512-XmOWe7eyHYH14cLdVPoyg+GOH3rYX++KpzrylJwSW98t3Nk+U8XOl8FWKOgwtzdb8lXGf6zYwDUzeHMWfxasyg==
  
  kareem@2.5.1:
    version "2.5.1"
    resolved "https://registry.yarnpkg.com/kareem/-/kareem-2.5.1.tgz#7b8203e11819a8e77a34b3517d3ead206764d15d"
    integrity sha512-7jFxRVm+jD+rkq3kY0iZDJfsO2/t4BBPeEb2qKn2lR/9KhuksYk5hxzfRYWMPV8P/x2d0kHD306YyWLzjjH+uA==
  
  leven@^2.1.0:
    version "2.1.0"
    resolved "https://registry.npmjs.org/leven/-/leven-2.1.0.tgz"
    integrity sha512-nvVPLpIHUxCUoRLrFqTgSxXJ614d8AgQoWl7zPe/2VadE8+1dpU3LBhowRuBAcuwruWtOdD8oYC9jDNJjXDPyA==
  
  lru-cache@^6.0.0:
    version "6.0.0"
    resolved "https://registry.npmjs.org/lru-cache/-/lru-cache-6.0.0.tgz"
    integrity sha512-Jo6dJ04CmSjuznwJSS3pUeWmd/H0ffTlkXXgwZi+eq1UCmqQwCh+eLsYOYCwY991i2Fah4h1BEMCx4qThGbsiA==
    dependencies:
      yallist "^4.0.0"
  
  make-error@^1.1.1:
    version "1.3.6"
    resolved "https://registry.npmjs.org/make-error/-/make-error-1.3.6.tgz"
    integrity sha512-s8UhlNe7vPKomQhC1qFelMokr/Sc3AgNbso3n74mVPA5LTZwkB9NlXf4XPamLxJE8h0gh73rM94xvwRT2CVInw==
  
  memory-pager@^1.0.2:
    version "1.5.0"
    resolved "https://registry.yarnpkg.com/memory-pager/-/memory-pager-1.5.0.tgz#d8751655d22d384682741c972f2c3d6dfa3e66b5"
    integrity sha512-ZS4Bp4r/Zoeq6+NLJpP+0Zzm0pR8whtGPf1XExKLJBAczGMnSi3It14OiNCStjQjM6NU1okjQGSxgEZN8eBYKg==
  
  minimatch@^3.1.1:
    version "3.1.2"
    resolved "https://registry.npmjs.org/minimatch/-/minimatch-3.1.2.tgz"
    integrity sha512-J7p63hRiAjw1NDEww1W7i37+ByIrOWO5XQQAzZ3VOcL0PNybwpfmV/N05zFAzwQ9USyEcX6t3UO+K5aqBQOIHw==
    dependencies:
      brace-expansion "^1.1.7"
  
  minimist@^1.1.0, minimist@^1.2.5, minimist@^1.2.6:
    version "1.2.8"
    resolved "https://registry.npmjs.org/minimist/-/minimist-1.2.8.tgz"
    integrity sha512-2yyAR8qBkN3YuheJanUpWC5U3bb5osDywNB8RzDVlDwDHbocAJveqqj1u8+SVD7jkWT4yvsHCpWqqWqAxb0zCA==
  
  mkdirp@^1.0.4:
    version "1.0.4"
    resolved "https://registry.npmjs.org/mkdirp/-/mkdirp-1.0.4.tgz"
    integrity sha512-vVqVZQyf3WLx2Shd0qJ9xuvqgAyKPLAiqITEtqW0oIUjzo3PePDd6fW9iFz30ef7Ysp/oiWqbhszeGWW2T6Gzw==
  
  mongodb-connection-string-url@^2.5.4:
    version "2.6.0"
    resolved "https://registry.yarnpkg.com/mongodb-connection-string-url/-/mongodb-connection-string-url-2.6.0.tgz#57901bf352372abdde812c81be47b75c6b2ec5cf"
    integrity sha512-WvTZlI9ab0QYtTYnuMLgobULWhokRjtC7db9LtcVfJ+Hsnyr5eo6ZtNAt3Ly24XZScGMelOcGtm7lSn0332tPQ==
    dependencies:
      "@types/whatwg-url" "^8.2.1"
      whatwg-url "^11.0.0"
  
  mongodb@4.13.0:
    version "4.13.0"
    resolved "https://registry.yarnpkg.com/mongodb/-/mongodb-4.13.0.tgz#2aa832b827e2891eb2e52e8235c201cbb4701ed2"
    integrity sha512-+taZ/bV8d1pYuHL4U+gSwkhmDrwkWbH1l4aah4YpmpscMwgFBkufIKxgP/G7m87/NUuQzc2Z75ZTI7ZOyqZLbw==
    dependencies:
      bson "^4.7.0"
      mongodb-connection-string-url "^2.5.4"
      socks "^2.7.1"
    optionalDependencies:
      "@aws-sdk/credential-providers" "^3.186.0"
      saslprep "^1.0.3"
  
  mongoose@^6.9.2:
    version "6.9.2"
    resolved "https://registry.yarnpkg.com/mongoose/-/mongoose-6.9.2.tgz#4077d96c1e1d0769eb55ac77eb30d0e8fb1777c2"
    integrity sha512-Yb9rWJhYm+7Yf839QuKx2dXcclbA0GAMxtdDiaedHsOQU+y28cD/8gKYp1wTwwyAjKesqaGfLG4ez7D9lKpwBw==
    dependencies:
      bson "^4.7.0"
      kareem "2.5.1"
      mongodb "4.13.0"
      mpath "0.9.0"
      mquery "4.0.3"
      ms "2.1.3"
      sift "16.0.1"
  
  mpath@0.9.0:
    version "0.9.0"
    resolved "https://registry.yarnpkg.com/mpath/-/mpath-0.9.0.tgz#0c122fe107846e31fc58c75b09c35514b3871904"
    integrity sha512-ikJRQTk8hw5DEoFVxHG1Gn9T/xcjtdnOKIU1JTmGjZZlg9LST2mBLmcX3/ICIbgJydT2GOc15RnNy5mHmzfSew==
  
  mqtt-packet@^6.8.0:
    version "6.10.0"
    resolved "https://registry.npmjs.org/mqtt-packet/-/mqtt-packet-6.10.0.tgz"
    integrity sha512-ja8+mFKIHdB1Tpl6vac+sktqy3gA8t9Mduom1BA75cI+R9AHnZOiaBQwpGiWnaVJLDGRdNhQmFaAqd7tkKSMGA==
    dependencies:
      bl "^4.0.2"
      debug "^4.1.1"
      process-nextick-args "^2.0.1"
  
  mqtt@^4.3.7:
    version "4.3.7"
    resolved "https://registry.npmjs.org/mqtt/-/mqtt-4.3.7.tgz"
    integrity sha512-ew3qwG/TJRorTz47eW46vZ5oBw5MEYbQZVaEji44j5lAUSQSqIEoul7Kua/BatBW0H0kKQcC9kwUHa1qzaWHSw==
    dependencies:
      commist "^1.0.0"
      concat-stream "^2.0.0"
      debug "^4.1.1"
      duplexify "^4.1.1"
      help-me "^3.0.0"
      inherits "^2.0.3"
      lru-cache "^6.0.0"
      minimist "^1.2.5"
      mqtt-packet "^6.8.0"
      number-allocator "^1.0.9"
      pump "^3.0.0"
      readable-stream "^3.6.0"
      reinterval "^1.1.0"
      rfdc "^1.3.0"
      split2 "^3.1.0"
      ws "^7.5.5"
      xtend "^4.0.2"
  
  mquery@4.0.3:
    version "4.0.3"
    resolved "https://registry.yarnpkg.com/mquery/-/mquery-4.0.3.tgz#4d15f938e6247d773a942c912d9748bd1965f89d"
    integrity sha512-J5heI+P08I6VJ2Ky3+33IpCdAvlYGTSUjwTPxkAr8i8EoduPMBX2OY/wa3IKZIQl7MU4SbFk8ndgSKyB/cl1zA==
    dependencies:
      debug "4.x"
  
  ms@2.1.2:
    version "2.1.2"
    resolved "https://registry.npmjs.org/ms/-/ms-2.1.2.tgz"
    integrity sha512-sGkPx+VjMtmA6MX27oA4FBFELFCZZ4S4XqeGOXCv68tT+jb3vk/RyaKWP0PTKyWtmLSM0b+adUTEvbs1PEaH2w==
  
  ms@2.1.3:
    version "2.1.3"
    resolved "https://registry.yarnpkg.com/ms/-/ms-2.1.3.tgz#574c8138ce1d2b5861f0b44579dbadd60c6615b2"
    integrity sha512-6FlzubTLZG3J2a/NVCAleEhjzq5oxgHyaCU9yYXvcLsvoVaHJq/s5xXI6/XXP6tz7R9xAOtHnSO/tXtF3WRTlA==
  
  normalize-path@^3.0.0, normalize-path@~3.0.0:
    version "3.0.0"
    resolved "https://registry.npmjs.org/normalize-path/-/normalize-path-3.0.0.tgz"
    integrity sha512-6eZs5Ls3WtCisHWp9S2GUy8dqkpGi4BVSz3GaqiE6ezub0512ESztXUwUB6C6IKbQkY2Pnb/mD4WYojCRwcwLA==
  
  number-allocator@^1.0.9:
    version "1.0.14"
    resolved "https://registry.npmjs.org/number-allocator/-/number-allocator-1.0.14.tgz"
    integrity sha512-OrL44UTVAvkKdOdRQZIJpLkAdjXGTRda052sN4sO77bKEzYYqWKMBjQvrJFzqygI99gL6Z4u2xctPW1tB8ErvA==
    dependencies:
      debug "^4.3.1"
      js-sdsl "4.3.0"
  
  once@^1.3.0, once@^1.3.1, once@^1.4.0:
    version "1.4.0"
    resolved "https://registry.npmjs.org/once/-/once-1.4.0.tgz"
    integrity sha512-lNaJgI+2Q5URQBkccEKHTQOPaXdUxnZZElQTZY0MFUAuaEqe1E+Nyvgdz/aIyNi6Z9MzO5dv1H8n58/GELp3+w==
    dependencies:
      wrappy "1"
  
  path-is-absolute@^1.0.0:
    version "1.0.1"
    resolved "https://registry.npmjs.org/path-is-absolute/-/path-is-absolute-1.0.1.tgz"
    integrity sha512-AVbw3UJ2e9bq64vSaS9Am0fje1Pa8pbGqTTsmXfaIiMpnr5DlDhfJOuLj9Sf95ZPVDAUerDfEk88MPmPe7UCQg==
  
  path-parse@^1.0.7:
    version "1.0.7"
    resolved "https://registry.npmjs.org/path-parse/-/path-parse-1.0.7.tgz"
    integrity sha512-LDJzPVEEEPR+y48z93A0Ed0yXb8pAByGWo/k5YYdYgpY2/2EsOsksJrq7lOHxryrVOn1ejG6oAp8ahvOIQD8sw==
  
  picomatch@^2.0.4, picomatch@^2.2.1:
    version "2.3.1"
    resolved "https://registry.npmjs.org/picomatch/-/picomatch-2.3.1.tgz"
    integrity sha512-JU3teHTNjmE2VCGFzuY8EXzCDVwEqB2a8fsIvwaStHhAWJEeVd1o1QD80CU6+ZdEXXSLbSsuLwJjkCBWqRQUVA==
  
  prisma@^4.10.1:
    version "4.10.1"
    resolved "https://registry.npmjs.org/prisma/-/prisma-4.10.1.tgz"
    integrity sha512-0jDxgg+DruB1kHVNlcspXQB9au62IFfVg9drkhzXudszHNUAQn0lVuu+T8np0uC2z1nKD5S3qPeCyR8u5YFLnA==
    dependencies:
      "@prisma/engines" "4.10.1"
  
  process-nextick-args@^2.0.1:
    version "2.0.1"
    resolved "https://registry.npmjs.org/process-nextick-args/-/process-nextick-args-2.0.1.tgz"
    integrity sha512-3ouUOpQhtgrbOa17J7+uxOTpITYWaGP7/AhoR3+A+/1e9skrzelGi/dXzEYyvbxubEF6Wn2ypscTKiKJFFn1ag==
  
  pump@^3.0.0:
    version "3.0.0"
    resolved "https://registry.npmjs.org/pump/-/pump-3.0.0.tgz"
    integrity sha512-LwZy+p3SFs1Pytd/jYct4wpv49HiYCqd9Rlc5ZVdk0V+8Yzv6jR5Blk3TRmPL1ft69TxP0IMZGJ+WPFU2BFhww==
    dependencies:
      end-of-stream "^1.1.0"
      once "^1.3.1"
  
  punycode@^2.1.1:
    version "2.3.0"
    resolved "https://registry.yarnpkg.com/punycode/-/punycode-2.3.0.tgz#f67fa67c94da8f4d0cfff981aee4118064199b8f"
    integrity sha512-rRV+zQD8tVFys26lAGR9WUuS4iUAngJScM+ZRSKtvl5tKeZ2t5bvdNFdNHBW9FWR4guGHlgmsZ1G7BSm2wTbuA==
  
  readable-stream@^3.0.0, readable-stream@^3.0.2, readable-stream@^3.1.1, readable-stream@^3.4.0, readable-stream@^3.6.0:
    version "3.6.0"
    resolved "https://registry.npmjs.org/readable-stream/-/readable-stream-3.6.0.tgz"
    integrity sha512-BViHy7LKeTz4oNnkcLJ+lVSL6vpiFeX6/d3oSH8zCW7UxP2onchk+vTGB143xuFjHS3deTgkKoXXymXqymiIdA==
    dependencies:
      inherits "^2.0.3"
      string_decoder "^1.1.1"
      util-deprecate "^1.0.1"
  
  readdirp@~3.6.0:
    version "3.6.0"
    resolved "https://registry.npmjs.org/readdirp/-/readdirp-3.6.0.tgz"
    integrity sha512-hOS089on8RduqdbhvQ5Z37A0ESjsqz6qnRcffsMU3495FuTdqSm+7bhJ29JvIOsBDEEnan5DPu9t3To9VRlMzA==
    dependencies:
      picomatch "^2.2.1"
  
  reinterval@^1.1.0:
    version "1.1.0"
    resolved "https://registry.npmjs.org/reinterval/-/reinterval-1.1.0.tgz"
    integrity sha512-QIRet3SYrGp0HUHO88jVskiG6seqUGC5iAG7AwI/BV4ypGcuqk9Du6YQBUOUqm9c8pw1eyLoIaONifRua1lsEQ==
  
  resolve@^1.0.0:
    version "1.22.1"
    resolved "https://registry.npmjs.org/resolve/-/resolve-1.22.1.tgz"
    integrity sha512-nBpuuYuY5jFsli/JIs1oldw6fOQCBioohqWZg/2hiaOybXOft4lonv85uDOKXdf8rhyK159cxU5cDcK/NKk8zw==
    dependencies:
      is-core-module "^2.9.0"
      path-parse "^1.0.7"
      supports-preserve-symlinks-flag "^1.0.0"
  
  rfdc@^1.3.0:
    version "1.3.0"
    resolved "https://registry.npmjs.org/rfdc/-/rfdc-1.3.0.tgz"
    integrity sha512-V2hovdzFbOi77/WajaSMXk2OLm+xNIeQdMMuB7icj7bk6zi2F8GGAxigcnDFpJHbNyNcgyJDiP+8nOrY5cZGrA==
  
  rimraf@^2.6.1:
    version "2.7.1"
    resolved "https://registry.npmjs.org/rimraf/-/rimraf-2.7.1.tgz"
    integrity sha512-uWjbaKIK3T1OSVptzX7Nl6PvQ3qAGtKEtVRjRuazjfL3Bx5eI409VZSqgND+4UNnmzLVdPj9FqFJNPqBZFve4w==
    dependencies:
      glob "^7.1.3"
  
  safe-buffer@~5.2.0:
    version "5.2.1"
    resolved "https://registry.npmjs.org/safe-buffer/-/safe-buffer-5.2.1.tgz"
    integrity sha512-rp3So07KcdmmKbGvgaNxQSJr7bGVSVk5S9Eq1F+ppbRo70+YeaDxkw5Dd8NPN+GD6bjnYm2VuPuCXmpuYvmCXQ==
  
  saslprep@^1.0.3:
    version "1.0.3"
    resolved "https://registry.yarnpkg.com/saslprep/-/saslprep-1.0.3.tgz#4c02f946b56cf54297e347ba1093e7acac4cf226"
    integrity sha512-/MY/PEMbk2SuY5sScONwhUDsV2p77Znkb/q3nSVstq/yQzYJOH/Azh29p9oJLsl3LnQwSvZDKagDGBsBwSooag==
    dependencies:
      sparse-bitfield "^3.0.3"
  
  sift@16.0.1:
    version "16.0.1"
    resolved "https://registry.yarnpkg.com/sift/-/sift-16.0.1.tgz#e9c2ccc72191585008cf3e36fc447b2d2633a053"
    integrity sha512-Wv6BjQ5zbhW7VFefWusVP33T/EM0vYikCaQ2qR8yULbsilAT8/wQaXvuQ3ptGLpoKx+lihJE3y2UTgKDyyNHZQ==
  
  smart-buffer@^4.2.0:
    version "4.2.0"
    resolved "https://registry.yarnpkg.com/smart-buffer/-/smart-buffer-4.2.0.tgz#6e1d71fa4f18c05f7d0ff216dd16a481d0e8d9ae"
    integrity sha512-94hK0Hh8rPqQl2xXc3HsaBoOXKV20MToPkcXvwbISWLEs+64sBq5kFgn2kJDHb1Pry9yrP0dxrCI9RRci7RXKg==
  
  socks@^2.7.1:
    version "2.7.1"
    resolved "https://registry.yarnpkg.com/socks/-/socks-2.7.1.tgz#d8e651247178fde79c0663043e07240196857d55"
    integrity sha512-7maUZy1N7uo6+WVEX6psASxtNlKaNVMlGQKkG/63nEDdLOWNbiUMoLK7X4uYoLhQstau72mLgfEWcXcwsaHbYQ==
    dependencies:
      ip "^2.0.0"
      smart-buffer "^4.2.0"
  
  source-map-support@^0.5.12:
    version "0.5.21"
    resolved "https://registry.npmjs.org/source-map-support/-/source-map-support-0.5.21.tgz"
    integrity sha512-uBHU3L3czsIyYXKX88fdrGovxdSCoTGDRZ6SYXtSRxLZUzHg5P/66Ht6uoUlHu9EZod+inXhKo3qQgwXUT/y1w==
    dependencies:
      buffer-from "^1.0.0"
      source-map "^0.6.0"
  
  source-map@^0.6.0:
    version "0.6.1"
    resolved "https://registry.npmjs.org/source-map/-/source-map-0.6.1.tgz"
    integrity sha512-UjgapumWlbMhkBgzT7Ykc5YXUT46F0iKu8SGXq0bcwP5dz/h0Plj6enJqjz1Zbq2l5WaqYnrVbwWOWMyF3F47g==
  
  sparse-bitfield@^3.0.3:
    version "3.0.3"
    resolved "https://registry.yarnpkg.com/sparse-bitfield/-/sparse-bitfield-3.0.3.tgz#ff4ae6e68656056ba4b3e792ab3334d38273ca11"
    integrity sha512-kvzhi7vqKTfkh0PZU+2D2PIllw2ymqJKujUcyPMd9Y75Nv4nPbGJZXNhxsgdQab2BmlDct1YnfQCguEvHr7VsQ==
    dependencies:
      memory-pager "^1.0.2"
  
  split2@^3.1.0:
    version "3.2.2"
    resolved "https://registry.npmjs.org/split2/-/split2-3.2.2.tgz"
    integrity sha512-9NThjpgZnifTkJpzTZ7Eue85S49QwpNhZTq6GRJwObb6jnLFNGB7Qm73V5HewTROPyxD0C29xqmaI68bQtV+hg==
    dependencies:
      readable-stream "^3.0.0"
  
  stream-shift@^1.0.0:
    version "1.0.1"
    resolved "https://registry.npmjs.org/stream-shift/-/stream-shift-1.0.1.tgz"
    integrity sha512-AiisoFqQ0vbGcZgQPY1cdP2I76glaVA/RauYR4G4thNFgkTqr90yXTo4LYX60Jl+sIlPNHHdGSwo01AvbKUSVQ==
  
  string_decoder@^1.1.1:
    version "1.3.0"
    resolved "https://registry.npmjs.org/string_decoder/-/string_decoder-1.3.0.tgz"
    integrity sha512-hkRX8U1WjJFd8LsDJ2yQ/wWWxaopEsABU1XfkM8A+j0+85JAGppt16cr1Whg6KIbb4okU6Mql6BOj+uup/wKeA==
    dependencies:
      safe-buffer "~5.2.0"
  
  strip-bom@^3.0.0:
    version "3.0.0"
    resolved "https://registry.npmjs.org/strip-bom/-/strip-bom-3.0.0.tgz"
    integrity sha512-vavAMRXOgBVNF6nyEEmL3DBK19iRpDcoIwW+swQ+CbGiu7lju6t+JklA1MHweoWtadgt4ISVUsXLyDq34ddcwA==
  
  strip-json-comments@^2.0.0:
    version "2.0.1"
    resolved "https://registry.npmjs.org/strip-json-comments/-/strip-json-comments-2.0.1.tgz"
    integrity sha512-4gB8na07fecVVkOI6Rs4e7T6NOTki5EmL7TUduTs6bu3EdnSycntVJ4re8kgZA+wx9IueI2Y11bfbgwtzuE0KQ==
  
  strnum@^1.0.5:
    version "1.0.5"
    resolved "https://registry.yarnpkg.com/strnum/-/strnum-1.0.5.tgz#5c4e829fe15ad4ff0d20c3db5ac97b73c9b072db"
    integrity sha512-J8bbNyKKXl5qYcR36TIO8W3mVGVHrmmxsd5PAItGkmyzwJvybiw2IVq5nqd0i4LSNSkB/sx9VHllbfFdr9k1JA==
  
  supports-preserve-symlinks-flag@^1.0.0:
    version "1.0.0"
    resolved "https://registry.npmjs.org/supports-preserve-symlinks-flag/-/supports-preserve-symlinks-flag-1.0.0.tgz"
    integrity sha512-ot0WnXS9fgdkgIcePe6RHNk1WA8+muPa6cSjeR3V8K27q9BB1rTE3R1p7Hv0z1ZyAc8s6Vvv8DIyWf681MAt0w==
  
  to-regex-range@^5.0.1:
    version "5.0.1"
    resolved "https://registry.npmjs.org/to-regex-range/-/to-regex-range-5.0.1.tgz"
    integrity sha512-65P7iz6X5yEr1cwcgvQxbbIw7Uk3gOy5dIdtZ4rDveLqhrdJP+Li/Hx6tyK0NEb+2GCyneCMJiGqrADCSNk8sQ==
    dependencies:
      is-number "^7.0.0"
  
  tr46@^3.0.0:
    version "3.0.0"
    resolved "https://registry.yarnpkg.com/tr46/-/tr46-3.0.0.tgz#555c4e297a950617e8eeddef633c87d4d9d6cbf9"
    integrity sha512-l7FvfAHlcmulp8kr+flpQZmVwtu7nfRV7NZujtN0OqES8EL4O4e0qqzL0DC5gAvx/ZC/9lk6rhcUwYvkBnBnYA==
    dependencies:
      punycode "^2.1.1"
  
  tree-kill@^1.2.2:
    version "1.2.2"
    resolved "https://registry.npmjs.org/tree-kill/-/tree-kill-1.2.2.tgz"
    integrity sha512-L0Orpi8qGpRG//Nd+H90vFB+3iHnue1zSSGmNOOCh1GLJ7rUKVwV2HvijphGQS2UmhUZewS9VgvxYIdgr+fG1A==
  
  ts-node-dev@^2.0.0:
    version "2.0.0"
    resolved "https://registry.npmjs.org/ts-node-dev/-/ts-node-dev-2.0.0.tgz"
    integrity sha512-ywMrhCfH6M75yftYvrvNarLEY+SUXtUvU8/0Z6llrHQVBx12GiFk5sStF8UdfE/yfzk9IAq7O5EEbTQsxlBI8w==
    dependencies:
      chokidar "^3.5.1"
      dynamic-dedupe "^0.3.0"
      minimist "^1.2.6"
      mkdirp "^1.0.4"
      resolve "^1.0.0"
      rimraf "^2.6.1"
      source-map-support "^0.5.12"
      tree-kill "^1.2.2"
      ts-node "^10.4.0"
      tsconfig "^7.0.0"
  
  ts-node@^10.4.0:
    version "10.9.1"
    resolved "https://registry.npmjs.org/ts-node/-/ts-node-10.9.1.tgz"
    integrity sha512-NtVysVPkxxrwFGUUxGYhfux8k78pQB3JqYBXlLRZgdGUqTO5wU/UyHop5p70iEbGhB7q5KmiZiU0Y3KlJrScEw==
    dependencies:
      "@cspotcode/source-map-support" "^0.8.0"
      "@tsconfig/node10" "^1.0.7"
      "@tsconfig/node12" "^1.0.7"
      "@tsconfig/node14" "^1.0.0"
      "@tsconfig/node16" "^1.0.2"
      acorn "^8.4.1"
      acorn-walk "^8.1.1"
      arg "^4.1.0"
      create-require "^1.1.0"
      diff "^4.0.1"
      make-error "^1.1.1"
      v8-compile-cache-lib "^3.0.1"
      yn "3.1.1"
  
  tsconfig-paths@^4.1.2:
    version "4.1.2"
    resolved "https://registry.npmjs.org/tsconfig-paths/-/tsconfig-paths-4.1.2.tgz"
    integrity sha512-uhxiMgnXQp1IR622dUXI+9Ehnws7i/y6xvpZB9IbUVOPy0muvdvgXeZOn88UcGPiT98Vp3rJPTa8bFoalZ3Qhw==
    dependencies:
      json5 "^2.2.2"
      minimist "^1.2.6"
      strip-bom "^3.0.0"
  
  tsconfig@^7.0.0:
    version "7.0.0"
    resolved "https://registry.npmjs.org/tsconfig/-/tsconfig-7.0.0.tgz"
    integrity sha512-vZXmzPrL+EmC4T/4rVlT2jNVMWCi/O4DIiSj3UHg1OE5kCKbk4mfrXc6dZksLgRM/TZlKnousKH9bbTazUWRRw==
    dependencies:
      "@types/strip-bom" "^3.0.0"
      "@types/strip-json-comments" "0.0.30"
      strip-bom "^3.0.0"
      strip-json-comments "^2.0.0"
  
  tslib@^1.11.1:
    version "1.14.1"
    resolved "https://registry.yarnpkg.com/tslib/-/tslib-1.14.1.tgz#cf2d38bdc34a134bcaf1091c41f6619e2f672d00"
    integrity sha512-Xni35NKzjgMrwevysHTCArtLDpPvye8zV/0E4EyYn43P7/7qvQwPh9BGkHewbMulVntbigmcT7rdX3BNo9wRJg==
  
  tslib@^2.3.1:
    version "2.5.0"
    resolved "https://registry.yarnpkg.com/tslib/-/tslib-2.5.0.tgz#42bfed86f5787aeb41d031866c8f402429e0fddf"
    integrity sha512-336iVw3rtn2BUK7ORdIAHTyxHGRIHVReokCR3XjbckJMK7ms8FysBfhLR8IXnAgy7T0PTPNBWKiH514FOW/WSg==
  
  typedarray@^0.0.6:
    version "0.0.6"
    resolved "https://registry.npmjs.org/typedarray/-/typedarray-0.0.6.tgz"
    integrity sha512-/aCDEGatGvZ2BIk+HmLf4ifCJFwvKFNb9/JeZPMulfgFracn9QFcAf5GO8B/mweUjSoblS5In0cWhqpfs/5PQA==
  
  typescript@^4.9.5:
    version "4.9.5"
    resolved "https://registry.npmjs.org/typescript/-/typescript-4.9.5.tgz"
    integrity sha512-1FXk9E2Hm+QzZQ7z+McJiHL4NW1F2EzMu9Nq9i3zAaGqibafqYwCVU6WyWAuyQRRzOlxou8xZSyXLEN8oKj24g==
  
  util-deprecate@^1.0.1:
    version "1.0.2"
    resolved "https://registry.npmjs.org/util-deprecate/-/util-deprecate-1.0.2.tgz"
    integrity sha512-EPD5q1uXyFxJpCrLnCc1nHnq3gOa6DZBocAIiI2TaSCA7VCJ1UJDMagCzIkXNsUYfD1daK//LTEQ8xiIbrHtcw==
  
  uuid@^8.3.2:
    version "8.3.2"
    resolved "https://registry.yarnpkg.com/uuid/-/uuid-8.3.2.tgz#80d5b5ced271bb9af6c445f21a1a04c606cefbe2"
    integrity sha512-+NYs2QeMWy+GWFOEm9xnn6HCDp0l7QBD7ml8zLUmJ+93Q5NF0NocErnwkTkXVFNiX3/fpC6afS8Dhb/gz7R7eg==
  
  v8-compile-cache-lib@^3.0.1:
    version "3.0.1"
    resolved "https://registry.npmjs.org/v8-compile-cache-lib/-/v8-compile-cache-lib-3.0.1.tgz"
    integrity sha512-wa7YjyUGfNZngI/vtK0UHAN+lgDCxBPCylVXGp0zu59Fz5aiGtNXaq3DhIov063MorB+VfufLh3JlF2KdTK3xg==
  
  webidl-conversions@^7.0.0:
    version "7.0.0"
    resolved "https://registry.yarnpkg.com/webidl-conversions/-/webidl-conversions-7.0.0.tgz#256b4e1882be7debbf01d05f0aa2039778ea080a"
    integrity sha512-VwddBukDzu71offAQR975unBIGqfKZpM+8ZX6ySk8nYhVoo5CYaZyzt3YBvYtRtO+aoGlqxPg/B87NGVZ/fu6g==
  
  whatwg-url@^11.0.0:
    version "11.0.0"
    resolved "https://registry.yarnpkg.com/whatwg-url/-/whatwg-url-11.0.0.tgz#0a849eebb5faf2119b901bb76fd795c2848d4018"
    integrity sha512-RKT8HExMpoYx4igMiVMY83lN6UeITKJlBQ+vR/8ZJ8OCdSiN3RwCq+9gH0+Xzj0+5IrM6i4j/6LuvzbZIQgEcQ==
    dependencies:
      tr46 "^3.0.0"
      webidl-conversions "^7.0.0"
  
  wrappy@1:
    version "1.0.2"
    resolved "https://registry.npmjs.org/wrappy/-/wrappy-1.0.2.tgz"
    integrity sha512-l4Sp/DRseor9wL6EvV2+TuQn63dMkPjZ/sp9XkghTEbV9KlPS1xUsZ3u7/IQO4wxtcFB4bgpQPRcR3QCvezPcQ==
  
  ws@^7.5.5:
    version "7.5.9"
    resolved "https://registry.npmjs.org/ws/-/ws-7.5.9.tgz"
    integrity sha512-F+P9Jil7UiSKSkppIiD94dN07AwvFixvLIj1Og1Rl9GGMuNipJnV9JzjD6XuqmAeiswGvUmNLjr5cFuXwNS77Q==
  
  xtend@^4.0.0, xtend@^4.0.2:
    version "4.0.2"
    resolved "https://registry.npmjs.org/xtend/-/xtend-4.0.2.tgz"
    integrity sha512-LKYU1iAXJXUgAXn9URjiu+MWhyUXHsvfp7mcuYm9dSUKK0/CjtrUwFAxD82/mCWbtLsGjFIad0wIsod4zrTAEQ==
  
  yallist@^4.0.0:
    version "4.0.0"
    resolved "https://registry.npmjs.org/yallist/-/yallist-4.0.0.tgz"
    integrity sha512-3wdGidZyq5PB084XLES5TpOSRA3wjXAlIWMhum2kRcv/41Sn2emQ0dycQW4uZXLejwKvg6EsvbdlVL+FYEct7A==
  
  yarn@^1.22.19:
    version "1.22.19"
    resolved "https://registry.npmjs.org/yarn/-/yarn-1.22.19.tgz"
    integrity sha512-/0V5q0WbslqnwP91tirOvldvYISzaqhClxzyUKXYxs07yUILIs5jx/k6CFe8bvKSkds5w+eiOqta39Wk3WxdcQ==
  
  yn@3.1.1:
    version "3.1.1"
    resolved "https://registry.npmjs.org/yn/-/yn-3.1.1.tgz"
    integrity sha512-Ux4ygGWsu2c7isFWe8Yu1YluJmqVhxqK2cLXNQA5AcC3QfbGNpM7fu0Y8b/z16pXLnFxZYvWhd3fhBY9DLmC6Q==
